<?xml version="1.0" encoding="utf-8"?>
<CoverageSession xmlns:xsd="http://www.w3.org/2001/XMLSchema" xmlns:xsi="http://www.w3.org/2001/XMLSchema-instance">
  <Summary numSequencePoints="941" visitedSequencePoints="435" numBranchPoints="255" visitedBranchPoints="112" sequenceCoverage="46.23" branchCoverage="43.92" maxCyclomaticComplexity="10" minCyclomaticComplexity="1" />
  <Modules>
    <Module skippedDueTo="Filter" hash="9D-4C-49-D6-C4-93-47-C3-10-27-58-C6-EC-7C-C5-FB-65-17-1E-A0">
      <FullName>C:\Windows\Microsoft.Net\assembly\GAC_32\mscorlib\v4.0_4.0.0.0__b77a5c561934e089\mscorlib.dll</FullName>
      <ModuleName>mscorlib</ModuleName>
      <Classes />
    </Module>
    <Module skippedDueTo="MissingPdb" hash="37-80-BE-DC-A8-79-2C-78-4A-75-9F-D4-19-B1-3A-5A-48-3E-CA-03">
      <FullName>C:\Program Files (x86)\SharpDevelop\5.1\bin\Tools\NUnit\nunit-console-x86.exe</FullName>
      <ModuleName>nunit-console</ModuleName>
      <Classes />
    </Module>
    <Module skippedDueTo="MissingPdb" hash="33-E1-CA-24-52-5A-B7-C7-C4-AF-91-2C-A9-4A-C0-37-67-0D-5B-FE">
      <FullName>C:\Program Files (x86)\SharpDevelop\5.1\bin\Tools\NUnit\lib\nunit.core.dll</FullName>
      <ModuleName>nunit.core</ModuleName>
      <Classes />
    </Module>
    <Module skippedDueTo="MissingPdb" hash="2A-C4-E5-DE-F3-EE-AD-84-E1-65-84-CC-15-90-76-96-E7-01-44-4E">
      <FullName>C:\Program Files (x86)\SharpDevelop\5.1\bin\Tools\NUnit\lib\nunit-console-runner.dll</FullName>
      <ModuleName>nunit-console-runner</ModuleName>
      <Classes />
    </Module>
    <Module skippedDueTo="MissingPdb" hash="74-74-F6-87-59-E1-5F-4F-5F-5E-6E-82-50-E8-E2-46-D4-86-15-76">
      <FullName>C:\Program Files (x86)\SharpDevelop\5.1\bin\Tools\NUnit\lib\nunit.util.dll</FullName>
      <ModuleName>nunit.util</ModuleName>
      <Classes />
    </Module>
    <Module skippedDueTo="MissingPdb" hash="D3-A4-4D-85-55-F7-CE-EF-A5-90-AA-EF-58-E0-9F-B6-CC-27-99-53">
      <FullName>C:\Program Files (x86)\SharpDevelop\5.1\bin\Tools\NUnit\lib\nunit.core.interfaces.dll</FullName>
      <ModuleName>nunit.core.interfaces</ModuleName>
      <Classes />
    </Module>
    <Module skippedDueTo="Filter" hash="34-A3-5D-67-8E-E7-DB-60-FE-97-F3-BD-D4-E7-40-6B-00-DA-51-C8">
      <FullName>C:\Windows\Microsoft.Net\assembly\GAC_MSIL\System.Configuration\v4.0_4.0.0.0__b03f5f7f11d50a3a\System.Configuration.dll</FullName>
      <ModuleName>System.Configuration</ModuleName>
      <Classes />
    </Module>
    <Module skippedDueTo="Filter" hash="2F-06-CB-9E-45-EB-3F-7A-7A-0E-09-BA-75-25-0C-EF-AA-90-8E-2B">
      <FullName>C:\Windows\Microsoft.Net\assembly\GAC_MSIL\System\v4.0_4.0.0.0__b77a5c561934e089\System.dll</FullName>
      <ModuleName>System</ModuleName>
      <Classes />
    </Module>
    <Module skippedDueTo="Filter" hash="88-45-F0-9C-3C-9F-72-79-CB-6A-82-FA-D7-DB-C3-4A-59-80-3C-6B">
      <FullName>C:\Windows\Microsoft.Net\assembly\GAC_MSIL\System.Xml\v4.0_4.0.0.0__b77a5c561934e089\System.Xml.dll</FullName>
      <ModuleName>System.Xml</ModuleName>
      <Classes />
    </Module>
    <Module skippedDueTo="Filter" hash="A6-44-D7-5C-2C-AA-24-6D-2E-64-A4-48-13-C2-22-F5-E4-2D-CE-96">
      <FullName>C:\Windows\Microsoft.Net\assembly\GAC_MSIL\System.Runtime.Remoting\v4.0_4.0.0.0__b77a5c561934e089\System.Runtime.Remoting.dll</FullName>
      <ModuleName>System.Runtime.Remoting</ModuleName>
      <Classes />
    </Module>
    <Module skippedDueTo="Filter" hash="E5-DE-BE-E6-36-3A-18-9D-19-75-10-62-04-4B-5A-43-5C-48-C4-34">
      <FullName>C:\Windows\Microsoft.Net\assembly\GAC_MSIL\System.Core\v4.0_4.0.0.0__b77a5c561934e089\System.Core.dll</FullName>
      <ModuleName>System.Core</ModuleName>
      <Classes />
    </Module>
    <Module hash="4D-D9-4F-CF-42-E0-65-E1-B5-99-F6-00-3F-5B-17-2F-27-D0-B4-01">
      <Summary numSequencePoints="164" visitedSequencePoints="38" numBranchPoints="19" visitedBranchPoints="3" sequenceCoverage="23.17" branchCoverage="15.79" maxCyclomaticComplexity="2" minCyclomaticComplexity="0" />
      <FullName>C:\Users\samuel\AppData\Local\Temp\nunit20\ShadowCopyCache\916_636217614009224081\Tests_89139828\assembly\dl3\d657b0a8\41fa17ba_a77ed201\SharpModbusTest.dll</FullName>
      <ModuleName>SharpModbusTest</ModuleName>
      <Files>
        <File uid="1" fullPath="c:\Users\samuel\Documents\github\SharpModbus\SharpModbusTest\MasterTest.cs" />
        <File uid="2" fullPath="c:\Users\samuel\Documents\github\SharpModbus\SharpModbusTest\ParserTest.cs" />
        <File uid="3" fullPath="c:\Users\samuel\Documents\github\SharpModbus\SharpModbusTest\EncodeTest.cs" />
      </Files>
      <Classes>
        <Class>
          <Summary numSequencePoints="0" visitedSequencePoints="0" numBranchPoints="0" visitedBranchPoints="0" sequenceCoverage="0" branchCoverage="0" maxCyclomaticComplexity="0" minCyclomaticComplexity="0" />
          <FullName>&lt;Module&gt;</FullName>
          <Methods />
        </Class>
        <Class>
          <Summary numSequencePoints="114" visitedSequencePoints="0" numBranchPoints="14" visitedBranchPoints="0" sequenceCoverage="0" branchCoverage="0" maxCyclomaticComplexity="2" minCyclomaticComplexity="1" />
          <FullName>SharpModbusTest.MasterTest</FullName>
          <Methods>
            <Method visited="false" cyclomaticComplexity="2" sequenceCoverage="0" branchCoverage="0" isConstructor="false" isStatic="false" isGetter="false" isSetter="false">
              <Summary numSequencePoints="8" visitedSequencePoints="0" numBranchPoints="3" visitedBranchPoints="0" sequenceCoverage="0" branchCoverage="0" maxCyclomaticComplexity="2" minCyclomaticComplexity="2" />
              <MetadataToken>100663297</MetadataToken>
              <Name>System.Boolean[] SharpModbusTest.MasterTest::Bools(System.Int32,System.Boolean)</Name>
              <FileRef uid="1" />
              <SequencePoints>
                <SequencePoint vc="0" uspid="1" ordinal="0" offset="0" sl="13" sc="3" el="13" ec="4" bec="0" bev="0" fileid="1" />
                <SequencePoint vc="0" uspid="2" ordinal="1" offset="1" sl="14" sc="4" el="14" ec="32" bec="0" bev="0" fileid="1" />
                <SequencePoint vc="0" uspid="3" ordinal="2" offset="8" sl="15" sc="9" el="15" ec="19" bec="0" bev="0" fileid="1" />
                <SequencePoint vc="0" uspid="4" ordinal="3" offset="12" sl="16" sc="5" el="16" ec="22" bec="0" bev="0" fileid="1" />
                <SequencePoint vc="0" uspid="5" ordinal="4" offset="16" sl="15" sc="31" el="15" ec="34" bec="0" bev="0" fileid="1" />
                <SequencePoint vc="0" uspid="6" ordinal="5" offset="20" sl="15" sc="20" el="15" ec="29" bec="2" bev="0" fileid="1" />
                <SequencePoint vc="0" uspid="7" ordinal="6" offset="28" sl="17" sc="4" el="17" ec="17" bec="0" bev="0" fileid="1" />
                <SequencePoint vc="0" uspid="8" ordinal="7" offset="32" sl="18" sc="3" el="18" ec="4" bec="0" bev="0" fileid="1" />
              </SequencePoints>
              <BranchPoints>
                <BranchPoint vc="0" uspid="9" ordinal="0" offset="26" path="0" offsetchain="" offsetend="28" />
                <BranchPoint vc="0" uspid="10" ordinal="1" offset="26" path="1" offsetchain="" offsetend="12" />
              </BranchPoints>
              <MethodPoint xsi:type="SequencePoint" vc="0" uspid="1" ordinal="0" offset="0" sl="13" sc="3" el="13" ec="4" bec="0" bev="0" fileid="1" />
            </Method>
            <Method visited="false" cyclomaticComplexity="1" sequenceCoverage="0" branchCoverage="0" isConstructor="false" isStatic="false" isGetter="false" isSetter="false">
              <Summary numSequencePoints="68" visitedSequencePoints="0" numBranchPoints="1" visitedBranchPoints="0" sequenceCoverage="0" branchCoverage="0" maxCyclomaticComplexity="1" minCyclomaticComplexity="1" />
              <MetadataToken>100663298</MetadataToken>
              <Name>System.Void SharpModbusTest.MasterTest::RackSweepTest()</Name>
              <FileRef uid="1" />
              <SequencePoints>
                <SequencePoint vc="0" uspid="11" ordinal="0" offset="0" sl="22" sc="3" el="22" ec="4" bec="0" bev="0" fileid="1" />
                <SequencePoint vc="0" uspid="12" ordinal="1" offset="1" sl="31" sc="4" el="31" ec="49" bec="0" bev="0" fileid="1" />
                <SequencePoint vc="0" uspid="13" ordinal="2" offset="17" sl="32" sc="4" el="32" ec="53" bec="0" bev="0" fileid="1" />
                <SequencePoint vc="0" uspid="14" ordinal="3" offset="30" sl="33" sc="4" el="33" ec="43" bec="0" bev="0" fileid="1" />
                <SequencePoint vc="0" uspid="15" ordinal="4" offset="36" sl="34" sc="4" el="34" ec="52" bec="0" bev="0" fileid="1" />
                <SequencePoint vc="0" uspid="16" ordinal="5" offset="44" sl="36" sc="4" el="36" ec="45" bec="0" bev="0" fileid="1" />
                <SequencePoint vc="0" uspid="17" ordinal="6" offset="61" sl="37" sc="4" el="37" ec="21" bec="0" bev="0" fileid="1" />
                <SequencePoint vc="0" uspid="18" ordinal="7" offset="69" sl="38" sc="4" el="38" ec="45" bec="0" bev="0" fileid="1" />
                <SequencePoint vc="0" uspid="19" ordinal="8" offset="87" sl="39" sc="4" el="39" ec="46" bec="0" bev="0" fileid="1" />
                <SequencePoint vc="0" uspid="20" ordinal="9" offset="108" sl="41" sc="4" el="41" ec="49" bec="0" bev="0" fileid="1" />
                <SequencePoint vc="0" uspid="21" ordinal="10" offset="133" sl="42" sc="4" el="42" ec="50" bec="0" bev="0" fileid="1" />
                <SequencePoint vc="0" uspid="22" ordinal="11" offset="158" sl="43" sc="4" el="43" ec="50" bec="0" bev="0" fileid="1" />
                <SequencePoint vc="0" uspid="23" ordinal="12" offset="183" sl="44" sc="4" el="44" ec="50" bec="0" bev="0" fileid="1" />
                <SequencePoint vc="0" uspid="24" ordinal="13" offset="208" sl="46" sc="4" el="46" ec="34" bec="0" bev="0" fileid="1" />
                <SequencePoint vc="0" uspid="25" ordinal="14" offset="218" sl="47" sc="4" el="47" ec="34" bec="0" bev="0" fileid="1" />
                <SequencePoint vc="0" uspid="26" ordinal="15" offset="228" sl="48" sc="4" el="48" ec="21" bec="0" bev="0" fileid="1" />
                <SequencePoint vc="0" uspid="27" ordinal="16" offset="236" sl="49" sc="4" el="49" ec="81" bec="0" bev="0" fileid="1" />
                <SequencePoint vc="0" uspid="28" ordinal="17" offset="262" sl="50" sc="4" el="50" ec="82" bec="0" bev="0" fileid="1" />
                <SequencePoint vc="0" uspid="29" ordinal="18" offset="291" sl="51" sc="4" el="51" ec="75" bec="0" bev="0" fileid="1" />
                <SequencePoint vc="0" uspid="30" ordinal="19" offset="316" sl="52" sc="4" el="52" ec="88" bec="0" bev="0" fileid="1" />
                <SequencePoint vc="0" uspid="31" ordinal="20" offset="346" sl="54" sc="4" el="54" ec="33" bec="0" bev="0" fileid="1" />
                <SequencePoint vc="0" uspid="32" ordinal="21" offset="356" sl="55" sc="4" el="55" ec="34" bec="0" bev="0" fileid="1" />
                <SequencePoint vc="0" uspid="33" ordinal="22" offset="366" sl="56" sc="4" el="56" ec="21" bec="0" bev="0" fileid="1" />
                <SequencePoint vc="0" uspid="34" ordinal="23" offset="374" sl="57" sc="4" el="57" ec="49" bec="0" bev="0" fileid="1" />
                <SequencePoint vc="0" uspid="35" ordinal="24" offset="399" sl="58" sc="4" el="58" ec="50" bec="0" bev="0" fileid="1" />
                <SequencePoint vc="0" uspid="36" ordinal="25" offset="424" sl="59" sc="4" el="59" ec="49" bec="0" bev="0" fileid="1" />
                <SequencePoint vc="0" uspid="37" ordinal="26" offset="449" sl="60" sc="4" el="60" ec="50" bec="0" bev="0" fileid="1" />
                <SequencePoint vc="0" uspid="38" ordinal="27" offset="474" sl="61" sc="4" el="61" ec="80" bec="0" bev="0" fileid="1" />
                <SequencePoint vc="0" uspid="39" ordinal="28" offset="505" sl="62" sc="4" el="62" ec="82" bec="0" bev="0" fileid="1" />
                <SequencePoint vc="0" uspid="40" ordinal="29" offset="534" sl="63" sc="4" el="63" ec="74" bec="0" bev="0" fileid="1" />
                <SequencePoint vc="0" uspid="41" ordinal="30" offset="564" sl="64" sc="4" el="64" ec="87" bec="0" bev="0" fileid="1" />
                <SequencePoint vc="0" uspid="42" ordinal="31" offset="599" sl="66" sc="4" el="66" ec="34" bec="0" bev="0" fileid="1" />
                <SequencePoint vc="0" uspid="43" ordinal="32" offset="609" sl="67" sc="4" el="67" ec="33" bec="0" bev="0" fileid="1" />
                <SequencePoint vc="0" uspid="44" ordinal="33" offset="619" sl="68" sc="4" el="68" ec="21" bec="0" bev="0" fileid="1" />
                <SequencePoint vc="0" uspid="45" ordinal="34" offset="627" sl="69" sc="4" el="69" ec="49" bec="0" bev="0" fileid="1" />
                <SequencePoint vc="0" uspid="46" ordinal="35" offset="652" sl="70" sc="4" el="70" ec="50" bec="0" bev="0" fileid="1" />
                <SequencePoint vc="0" uspid="47" ordinal="36" offset="677" sl="71" sc="4" el="71" ec="50" bec="0" bev="0" fileid="1" />
                <SequencePoint vc="0" uspid="48" ordinal="37" offset="702" sl="72" sc="4" el="72" ec="49" bec="0" bev="0" fileid="1" />
                <SequencePoint vc="0" uspid="49" ordinal="38" offset="727" sl="73" sc="4" el="73" ec="79" bec="0" bev="0" fileid="1" />
                <SequencePoint vc="0" uspid="50" ordinal="39" offset="763" sl="74" sc="4" el="74" ec="81" bec="0" bev="0" fileid="1" />
                <SequencePoint vc="0" uspid="51" ordinal="40" offset="797" sl="75" sc="4" el="75" ec="74" bec="0" bev="0" fileid="1" />
                <SequencePoint vc="0" uspid="52" ordinal="41" offset="827" sl="76" sc="4" el="76" ec="87" bec="0" bev="0" fileid="1" />
                <SequencePoint vc="0" uspid="53" ordinal="42" offset="862" sl="78" sc="4" el="78" ec="45" bec="0" bev="0" fileid="1" />
                <SequencePoint vc="0" uspid="54" ordinal="43" offset="880" sl="79" sc="4" el="79" ec="46" bec="0" bev="0" fileid="1" />
                <SequencePoint vc="0" uspid="55" ordinal="44" offset="901" sl="80" sc="4" el="80" ec="81" bec="0" bev="0" fileid="1" />
                <SequencePoint vc="0" uspid="56" ordinal="45" offset="927" sl="81" sc="4" el="81" ec="82" bec="0" bev="0" fileid="1" />
                <SequencePoint vc="0" uspid="57" ordinal="46" offset="956" sl="85" sc="4" el="85" ec="29" bec="0" bev="0" fileid="1" />
                <SequencePoint vc="0" uspid="58" ordinal="47" offset="971" sl="86" sc="4" el="86" ec="29" bec="0" bev="0" fileid="1" />
                <SequencePoint vc="0" uspid="59" ordinal="48" offset="986" sl="87" sc="4" el="87" ec="46" bec="0" bev="0" fileid="1" />
                <SequencePoint vc="0" uspid="60" ordinal="49" offset="1012" sl="88" sc="4" el="88" ec="46" bec="0" bev="0" fileid="1" />
                <SequencePoint vc="0" uspid="61" ordinal="50" offset="1038" sl="89" sc="4" el="89" ec="21" bec="0" bev="0" fileid="1" />
                <SequencePoint vc="0" uspid="62" ordinal="51" offset="1046" sl="90" sc="4" el="90" ec="67" bec="0" bev="0" fileid="1" />
                <SequencePoint vc="0" uspid="63" ordinal="52" offset="1099" sl="91" sc="4" el="91" ec="67" bec="0" bev="0" fileid="1" />
                <SequencePoint vc="0" uspid="64" ordinal="53" offset="1153" sl="93" sc="4" el="93" ec="29" bec="0" bev="0" fileid="1" />
                <SequencePoint vc="0" uspid="65" ordinal="54" offset="1168" sl="94" sc="4" el="94" ec="30" bec="0" bev="0" fileid="1" />
                <SequencePoint vc="0" uspid="66" ordinal="55" offset="1183" sl="95" sc="4" el="95" ec="46" bec="0" bev="0" fileid="1" />
                <SequencePoint vc="0" uspid="67" ordinal="56" offset="1209" sl="96" sc="4" el="96" ec="47" bec="0" bev="0" fileid="1" />
                <SequencePoint vc="0" uspid="68" ordinal="57" offset="1236" sl="97" sc="4" el="97" ec="21" bec="0" bev="0" fileid="1" />
                <SequencePoint vc="0" uspid="69" ordinal="58" offset="1244" sl="98" sc="4" el="98" ec="67" bec="0" bev="0" fileid="1" />
                <SequencePoint vc="0" uspid="70" ordinal="59" offset="1297" sl="99" sc="4" el="99" ec="68" bec="0" bev="0" fileid="1" />
                <SequencePoint vc="0" uspid="71" ordinal="60" offset="1351" sl="101" sc="4" el="101" ec="31" bec="0" bev="0" fileid="1" />
                <SequencePoint vc="0" uspid="72" ordinal="61" offset="1366" sl="102" sc="4" el="102" ec="32" bec="0" bev="0" fileid="1" />
                <SequencePoint vc="0" uspid="73" ordinal="62" offset="1381" sl="103" sc="4" el="103" ec="47" bec="0" bev="0" fileid="1" />
                <SequencePoint vc="0" uspid="74" ordinal="63" offset="1408" sl="104" sc="4" el="104" ec="48" bec="0" bev="0" fileid="1" />
                <SequencePoint vc="0" uspid="75" ordinal="64" offset="1435" sl="105" sc="4" el="105" ec="21" bec="0" bev="0" fileid="1" />
                <SequencePoint vc="0" uspid="76" ordinal="65" offset="1443" sl="106" sc="4" el="106" ec="68" bec="0" bev="0" fileid="1" />
                <SequencePoint vc="0" uspid="77" ordinal="66" offset="1496" sl="107" sc="4" el="107" ec="69" bec="0" bev="0" fileid="1" />
                <SequencePoint vc="0" uspid="78" ordinal="67" offset="1550" sl="108" sc="3" el="108" ec="4" bec="0" bev="0" fileid="1" />
              </SequencePoints>
              <BranchPoints />
              <MethodPoint xsi:type="SequencePoint" vc="0" uspid="11" ordinal="0" offset="0" sl="22" sc="3" el="22" ec="4" bec="0" bev="0" fileid="1" />
            </Method>
            <Method visited="false" cyclomaticComplexity="1" sequenceCoverage="0" branchCoverage="0" isConstructor="false" isStatic="false" isGetter="false" isSetter="false">
              <Summary numSequencePoints="5" visitedSequencePoints="0" numBranchPoints="1" visitedBranchPoints="0" sequenceCoverage="0" branchCoverage="0" maxCyclomaticComplexity="1" minCyclomaticComplexity="1" />
              <MetadataToken>100663299</MetadataToken>
              <Name>System.Void SharpModbusTest.MasterTest::SetAnalog(SharpModbus.ModbusMaster,System.Int32,System.Single)</Name>
              <FileRef uid="1" />
              <SequencePoints>
                <SequencePoint vc="0" uspid="79" ordinal="0" offset="0" sl="112" sc="3" el="112" ec="4" bec="0" bev="0" fileid="1" />
                <SequencePoint vc="0" uspid="80" ordinal="1" offset="1" sl="113" sc="4" el="113" ec="40" bec="0" bev="0" fileid="1" />
                <SequencePoint vc="0" uspid="81" ordinal="2" offset="9" sl="114" sc="4" el="114" ec="89" bec="0" bev="0" fileid="1" />
                <SequencePoint vc="0" uspid="82" ordinal="3" offset="31" sl="115" sc="4" el="115" ec="89" bec="0" bev="0" fileid="1" />
                <SequencePoint vc="0" uspid="83" ordinal="4" offset="55" sl="116" sc="3" el="116" ec="4" bec="0" bev="0" fileid="1" />
              </SequencePoints>
              <BranchPoints />
              <MethodPoint xsi:type="SequencePoint" vc="0" uspid="79" ordinal="0" offset="0" sl="112" sc="3" el="112" ec="4" bec="0" bev="0" fileid="1" />
            </Method>
            <Method visited="false" cyclomaticComplexity="1" sequenceCoverage="0" branchCoverage="0" isConstructor="false" isStatic="false" isGetter="false" isSetter="false">
              <Summary numSequencePoints="4" visitedSequencePoints="0" numBranchPoints="1" visitedBranchPoints="0" sequenceCoverage="0" branchCoverage="0" maxCyclomaticComplexity="1" minCyclomaticComplexity="1" />
              <MetadataToken>100663300</MetadataToken>
              <Name>System.Void SharpModbusTest.MasterTest::SetAnalog2(SharpModbus.ModbusMaster,System.Int32,System.Single)</Name>
              <FileRef uid="1" />
              <SequencePoints>
                <SequencePoint vc="0" uspid="84" ordinal="0" offset="0" sl="119" sc="3" el="119" ec="4" bec="0" bev="0" fileid="1" />
                <SequencePoint vc="0" uspid="85" ordinal="1" offset="1" sl="120" sc="4" el="120" ec="40" bec="0" bev="0" fileid="1" />
                <SequencePoint vc="0" uspid="86" ordinal="2" offset="9" sl="121" sc="4" el="124" ec="7" bec="0" bev="0" fileid="1" />
                <SequencePoint vc="0" uspid="87" ordinal="3" offset="55" sl="125" sc="3" el="125" ec="4" bec="0" bev="0" fileid="1" />
              </SequencePoints>
              <BranchPoints />
              <MethodPoint xsi:type="SequencePoint" vc="0" uspid="84" ordinal="0" offset="0" sl="119" sc="3" el="119" ec="4" bec="0" bev="0" fileid="1" />
            </Method>
            <Method visited="false" cyclomaticComplexity="1" sequenceCoverage="0" branchCoverage="0" isConstructor="false" isStatic="false" isGetter="false" isSetter="false">
              <Summary numSequencePoints="9" visitedSequencePoints="0" numBranchPoints="1" visitedBranchPoints="0" sequenceCoverage="0" branchCoverage="0" maxCyclomaticComplexity="1" minCyclomaticComplexity="1" />
              <MetadataToken>100663301</MetadataToken>
              <Name>System.Single SharpModbusTest.MasterTest::GetAnalog(SharpModbus.ModbusMaster,System.Int32)</Name>
              <FileRef uid="1" />
              <SequencePoints>
                <SequencePoint vc="0" uspid="88" ordinal="0" offset="0" sl="128" sc="3" el="128" ec="4" bec="0" bev="0" fileid="1" />
                <SequencePoint vc="0" uspid="89" ordinal="1" offset="1" sl="129" sc="4" el="129" ec="69" bec="0" bev="0" fileid="1" />
                <SequencePoint vc="0" uspid="90" ordinal="2" offset="14" sl="130" sc="4" el="130" ec="28" bec="0" bev="0" fileid="1" />
                <SequencePoint vc="0" uspid="91" ordinal="3" offset="21" sl="131" sc="4" el="131" ec="46" bec="0" bev="0" fileid="1" />
                <SequencePoint vc="0" uspid="92" ordinal="4" offset="36" sl="132" sc="4" el="132" ec="46" bec="0" bev="0" fileid="1" />
                <SequencePoint vc="0" uspid="93" ordinal="5" offset="49" sl="133" sc="4" el="133" ec="46" bec="0" bev="0" fileid="1" />
                <SequencePoint vc="0" uspid="94" ordinal="6" offset="64" sl="134" sc="4" el="134" ec="46" bec="0" bev="0" fileid="1" />
                <SequencePoint vc="0" uspid="95" ordinal="7" offset="77" sl="135" sc="4" el="135" ec="35" bec="0" bev="0" fileid="1" />
                <SequencePoint vc="0" uspid="96" ordinal="8" offset="87" sl="136" sc="3" el="136" ec="4" bec="0" bev="0" fileid="1" />
              </SequencePoints>
              <BranchPoints />
              <MethodPoint xsi:type="SequencePoint" vc="0" uspid="88" ordinal="0" offset="0" sl="128" sc="3" el="128" ec="4" bec="0" bev="0" fileid="1" />
            </Method>
            <Method visited="false" cyclomaticComplexity="1" sequenceCoverage="0" branchCoverage="0" isConstructor="false" isStatic="false" isGetter="false" isSetter="false">
              <Summary numSequencePoints="9" visitedSequencePoints="0" numBranchPoints="1" visitedBranchPoints="0" sequenceCoverage="0" branchCoverage="0" maxCyclomaticComplexity="1" minCyclomaticComplexity="1" />
              <MetadataToken>100663302</MetadataToken>
              <Name>System.Single SharpModbusTest.MasterTest::GetAnalog2(SharpModbus.ModbusMaster,System.Int32)</Name>
              <FileRef uid="1" />
              <SequencePoints>
                <SequencePoint vc="0" uspid="97" ordinal="0" offset="0" sl="139" sc="3" el="139" ec="4" bec="0" bev="0" fileid="1" />
                <SequencePoint vc="0" uspid="98" ordinal="1" offset="1" sl="140" sc="4" el="140" ec="71" bec="0" bev="0" fileid="1" />
                <SequencePoint vc="0" uspid="99" ordinal="2" offset="14" sl="141" sc="4" el="141" ec="28" bec="0" bev="0" fileid="1" />
                <SequencePoint vc="0" uspid="100" ordinal="3" offset="21" sl="142" sc="4" el="142" ec="46" bec="0" bev="0" fileid="1" />
                <SequencePoint vc="0" uspid="101" ordinal="4" offset="36" sl="143" sc="4" el="143" ec="46" bec="0" bev="0" fileid="1" />
                <SequencePoint vc="0" uspid="102" ordinal="5" offset="49" sl="144" sc="4" el="144" ec="46" bec="0" bev="0" fileid="1" />
                <SequencePoint vc="0" uspid="103" ordinal="6" offset="64" sl="145" sc="4" el="145" ec="46" bec="0" bev="0" fileid="1" />
                <SequencePoint vc="0" uspid="104" ordinal="7" offset="77" sl="146" sc="4" el="146" ec="35" bec="0" bev="0" fileid="1" />
                <SequencePoint vc="0" uspid="105" ordinal="8" offset="87" sl="147" sc="3" el="147" ec="4" bec="0" bev="0" fileid="1" />
              </SequencePoints>
              <BranchPoints />
              <MethodPoint xsi:type="SequencePoint" vc="0" uspid="97" ordinal="0" offset="0" sl="139" sc="3" el="139" ec="4" bec="0" bev="0" fileid="1" />
            </Method>
            <Method visited="false" cyclomaticComplexity="2" sequenceCoverage="0" branchCoverage="0" isConstructor="false" isStatic="false" isGetter="false" isSetter="false">
              <Summary numSequencePoints="5" visitedSequencePoints="0" numBranchPoints="3" visitedBranchPoints="0" sequenceCoverage="0" branchCoverage="0" maxCyclomaticComplexity="2" minCyclomaticComplexity="2" />
              <MetadataToken>100663303</MetadataToken>
              <Name>System.Single SharpModbusTest.MasterTest::ByteArrayToFloat(System.Byte[])</Name>
              <FileRef uid="1" />
              <SequencePoints>
                <SequencePoint vc="0" uspid="106" ordinal="0" offset="0" sl="150" sc="3" el="150" ec="4" bec="0" bev="0" fileid="1" />
                <SequencePoint vc="0" uspid="107" ordinal="1" offset="1" sl="151" sc="4" el="151" ec="36" bec="2" bev="0" fileid="1" />
                <SequencePoint vc="0" uspid="108" ordinal="2" offset="13" sl="152" sc="5" el="152" ec="22" bec="0" bev="0" fileid="1" />
                <SequencePoint vc="0" uspid="109" ordinal="3" offset="20" sl="153" sc="4" el="153" ec="39" bec="0" bev="0" fileid="1" />
                <SequencePoint vc="0" uspid="110" ordinal="4" offset="30" sl="154" sc="3" el="154" ec="4" bec="0" bev="0" fileid="1" />
              </SequencePoints>
              <BranchPoints>
                <BranchPoint vc="0" uspid="111" ordinal="0" offset="11" path="0" offsetchain="" offsetend="13" />
                <BranchPoint vc="0" uspid="112" ordinal="1" offset="11" path="1" offsetchain="" offsetend="20" />
              </BranchPoints>
              <MethodPoint xsi:type="SequencePoint" vc="0" uspid="106" ordinal="0" offset="0" sl="150" sc="3" el="150" ec="4" bec="0" bev="0" fileid="1" />
            </Method>
            <Method visited="false" cyclomaticComplexity="2" sequenceCoverage="0" branchCoverage="0" isConstructor="false" isStatic="false" isGetter="false" isSetter="false">
              <Summary numSequencePoints="6" visitedSequencePoints="0" numBranchPoints="3" visitedBranchPoints="0" sequenceCoverage="0" branchCoverage="0" maxCyclomaticComplexity="2" minCyclomaticComplexity="2" />
              <MetadataToken>100663304</MetadataToken>
              <Name>System.Byte[] SharpModbusTest.MasterTest::FloatToByteArray(System.Single)</Name>
              <FileRef uid="1" />
              <SequencePoints>
                <SequencePoint vc="0" uspid="113" ordinal="0" offset="0" sl="157" sc="3" el="157" ec="4" bec="0" bev="0" fileid="1" />
                <SequencePoint vc="0" uspid="114" ordinal="1" offset="1" sl="158" sc="4" el="158" ec="42" bec="0" bev="0" fileid="1" />
                <SequencePoint vc="0" uspid="115" ordinal="2" offset="8" sl="159" sc="4" el="159" ec="36" bec="2" bev="0" fileid="1" />
                <SequencePoint vc="0" uspid="116" ordinal="3" offset="20" sl="160" sc="5" el="160" ec="23" bec="0" bev="0" fileid="1" />
                <SequencePoint vc="0" uspid="117" ordinal="4" offset="27" sl="161" sc="4" el="161" ec="14" bec="0" bev="0" fileid="1" />
                <SequencePoint vc="0" uspid="118" ordinal="5" offset="31" sl="162" sc="3" el="162" ec="4" bec="0" bev="0" fileid="1" />
              </SequencePoints>
              <BranchPoints>
                <BranchPoint vc="0" uspid="119" ordinal="0" offset="18" path="0" offsetchain="" offsetend="20" />
                <BranchPoint vc="0" uspid="120" ordinal="1" offset="18" path="1" offsetchain="" offsetend="27" />
              </BranchPoints>
              <MethodPoint xsi:type="SequencePoint" vc="0" uspid="113" ordinal="0" offset="0" sl="157" sc="3" el="157" ec="4" bec="0" bev="0" fileid="1" />
            </Method>
            <Method visited="false" cyclomaticComplexity="1" sequenceCoverage="0" branchCoverage="0" isConstructor="true" isStatic="false" isGetter="false" isSetter="false">
              <Summary numSequencePoints="0" visitedSequencePoints="0" numBranchPoints="0" visitedBranchPoints="0" sequenceCoverage="0" branchCoverage="0" maxCyclomaticComplexity="1" minCyclomaticComplexity="1" />
              <MetadataToken>100663305</MetadataToken>
              <Name>System.Void SharpModbusTest.MasterTest::.ctor()</Name>
              <SequencePoints />
              <BranchPoints />
              <MethodPoint vc="0" uspid="121" ordinal="0" offset="0" />
            </Method>
          </Methods>
        </Class>
        <Class>
          <Summary numSequencePoints="38" visitedSequencePoints="38" numBranchPoints="3" visitedBranchPoints="3" sequenceCoverage="100" branchCoverage="100" maxCyclomaticComplexity="1" minCyclomaticComplexity="1" />
          <FullName>SharpModbusTest.ParserTest</FullName>
          <Methods>
            <Method visited="true" cyclomaticComplexity="1" sequenceCoverage="100" branchCoverage="100" isConstructor="false" isStatic="false" isGetter="false" isSetter="false">
              <Summary numSequencePoints="17" visitedSequencePoints="17" numBranchPoints="1" visitedBranchPoints="1" sequenceCoverage="100" branchCoverage="100" maxCyclomaticComplexity="1" minCyclomaticComplexity="1" />
              <MetadataToken>100663306</MetadataToken>
              <Name>System.Void SharpModbusTest.ParserTest::ParseTest()</Name>
              <FileRef uid="2" />
              <SequencePoints>
                <SequencePoint vc="1" uspid="122" ordinal="0" offset="0" sl="16" sc="3" el="16" ec="4" bec="0" bev="0" fileid="2" />
                <SequencePoint vc="1" uspid="123" ordinal="1" offset="1" sl="17" sc="4" el="17" ec="55" bec="0" bev="0" fileid="2" />
                <SequencePoint vc="1" uspid="124" ordinal="2" offset="24" sl="18" sc="4" el="18" ec="56" bec="0" bev="0" fileid="2" />
                <SequencePoint vc="1" uspid="125" ordinal="3" offset="47" sl="19" sc="4" el="19" ec="66" bec="0" bev="0" fileid="2" />
                <SequencePoint vc="1" uspid="126" ordinal="4" offset="70" sl="20" sc="4" el="20" ec="64" bec="0" bev="0" fileid="2" />
                <SequencePoint vc="1" uspid="127" ordinal="5" offset="93" sl="21" sc="4" el="21" ec="53" bec="0" bev="0" fileid="2" />
                <SequencePoint vc="1" uspid="128" ordinal="6" offset="112" sl="22" sc="4" el="22" ec="54" bec="0" bev="0" fileid="2" />
                <SequencePoint vc="1" uspid="129" ordinal="7" offset="131" sl="23" sc="4" el="23" ec="59" bec="0" bev="0" fileid="2" />
                <SequencePoint vc="1" uspid="130" ordinal="8" offset="154" sl="24" sc="4" el="24" ec="62" bec="0" bev="0" fileid="2" />
                <SequencePoint vc="1" uspid="131" ordinal="9" offset="178" sl="25" sc="4" el="25" ec="66" bec="0" bev="0" fileid="2" />
                <SequencePoint vc="1" uspid="132" ordinal="10" offset="208" sl="26" sc="4" el="26" ec="67" bec="0" bev="0" fileid="2" />
                <SequencePoint vc="1" uspid="133" ordinal="11" offset="234" sl="27" sc="4" el="27" ec="105" bec="0" bev="0" fileid="2" />
                <SequencePoint vc="1" uspid="134" ordinal="12" offset="269" sl="28" sc="4" el="28" ec="177" bec="0" bev="0" fileid="2" />
                <SequencePoint vc="1" uspid="135" ordinal="13" offset="305" sl="29" sc="4" el="29" ec="68" bec="0" bev="0" fileid="2" />
                <SequencePoint vc="1" uspid="136" ordinal="14" offset="329" sl="30" sc="4" el="30" ec="98" bec="0" bev="0" fileid="2" />
                <SequencePoint vc="1" uspid="137" ordinal="15" offset="364" sl="31" sc="4" el="31" ec="162" bec="0" bev="0" fileid="2" />
                <SequencePoint vc="1" uspid="138" ordinal="16" offset="400" sl="32" sc="3" el="32" ec="4" bec="0" bev="0" fileid="2" />
              </SequencePoints>
              <BranchPoints />
              <MethodPoint xsi:type="SequencePoint" vc="1" uspid="122" ordinal="0" offset="0" sl="16" sc="3" el="16" ec="4" bec="0" bev="0" fileid="2" />
            </Method>
            <Method visited="true" cyclomaticComplexity="1" sequenceCoverage="100" branchCoverage="100" isConstructor="false" isStatic="false" isGetter="false" isSetter="false">
              <Summary numSequencePoints="19" visitedSequencePoints="19" numBranchPoints="1" visitedBranchPoints="1" sequenceCoverage="100" branchCoverage="100" maxCyclomaticComplexity="1" minCyclomaticComplexity="1" />
              <MetadataToken>100663307</MetadataToken>
              <Name>System.Void SharpModbusTest.ParserTest::Test(SharpModbus.IModbusCommand)</Name>
              <FileRef uid="2" />
              <SequencePoints>
                <SequencePoint vc="15" uspid="139" ordinal="0" offset="0" sl="35" sc="3" el="35" ec="4" bec="0" bev="0" fileid="2" />
                <SequencePoint vc="15" uspid="140" ordinal="1" offset="1" sl="37" sc="4" el="37" ec="57" bec="0" bev="0" fileid="2" />
                <SequencePoint vc="15" uspid="141" ordinal="2" offset="15" sl="38" sc="4" el="38" ec="37" bec="0" bev="0" fileid="2" />
                <SequencePoint vc="15" uspid="142" ordinal="3" offset="24" sl="39" sc="4" el="39" ec="56" bec="0" bev="0" fileid="2" />
                <SequencePoint vc="15" uspid="143" ordinal="4" offset="46" sl="40" sc="4" el="40" ec="51" bec="0" bev="0" fileid="2" />
                <SequencePoint vc="15" uspid="144" ordinal="5" offset="54" sl="41" sc="4" el="41" ec="53" bec="0" bev="0" fileid="2" />
                <SequencePoint vc="15" uspid="145" ordinal="6" offset="72" sl="43" sc="4" el="43" ec="37" bec="0" bev="0" fileid="2" />
                <SequencePoint vc="15" uspid="146" ordinal="7" offset="85" sl="44" sc="4" el="44" ec="64" bec="0" bev="0" fileid="2" />
                <SequencePoint vc="15" uspid="147" ordinal="8" offset="99" sl="45" sc="4" el="45" ec="44" bec="0" bev="0" fileid="2" />
                <SequencePoint vc="15" uspid="148" ordinal="9" offset="108" sl="46" sc="4" el="46" ec="59" bec="0" bev="0" fileid="2" />
                <SequencePoint vc="15" uspid="149" ordinal="10" offset="130" sl="47" sc="4" el="47" ec="54" bec="0" bev="0" fileid="2" />
                <SequencePoint vc="15" uspid="150" ordinal="11" offset="145" sl="48" sc="4" el="48" ec="61" bec="0" bev="0" fileid="2" />
                <SequencePoint vc="15" uspid="151" ordinal="12" offset="164" sl="50" sc="4" el="50" ec="37" bec="0" bev="0" fileid="2" />
                <SequencePoint vc="15" uspid="152" ordinal="13" offset="178" sl="51" sc="4" el="51" ec="64" bec="0" bev="0" fileid="2" />
                <SequencePoint vc="15" uspid="153" ordinal="14" offset="194" sl="52" sc="4" el="52" ec="44" bec="0" bev="0" fileid="2" />
                <SequencePoint vc="15" uspid="154" ordinal="15" offset="205" sl="53" sc="4" el="53" ec="59" bec="0" bev="0" fileid="2" />
                <SequencePoint vc="15" uspid="155" ordinal="16" offset="228" sl="54" sc="4" el="54" ec="54" bec="0" bev="0" fileid="2" />
                <SequencePoint vc="15" uspid="156" ordinal="17" offset="244" sl="55" sc="4" el="55" ec="61" bec="0" bev="0" fileid="2" />
                <SequencePoint vc="15" uspid="157" ordinal="18" offset="264" sl="56" sc="3" el="56" ec="4" bec="0" bev="0" fileid="2" />
              </SequencePoints>
              <BranchPoints />
              <MethodPoint xsi:type="SequencePoint" vc="15" uspid="139" ordinal="0" offset="0" sl="35" sc="3" el="35" ec="4" bec="0" bev="0" fileid="2" />
            </Method>
            <Method visited="true" cyclomaticComplexity="1" sequenceCoverage="100" branchCoverage="100" isConstructor="true" isStatic="false" isGetter="false" isSetter="false">
              <Summary numSequencePoints="2" visitedSequencePoints="2" numBranchPoints="1" visitedBranchPoints="1" sequenceCoverage="100" branchCoverage="100" maxCyclomaticComplexity="1" minCyclomaticComplexity="1" />
              <MetadataToken>100663308</MetadataToken>
              <Name>System.Void SharpModbusTest.ParserTest::.ctor()</Name>
              <FileRef uid="2" />
              <SequencePoints>
                <SequencePoint vc="1" uspid="158" ordinal="0" offset="0" sl="11" sc="3" el="11" ec="54" bec="0" bev="0" fileid="2" />
                <SequencePoint vc="1" uspid="159" ordinal="1" offset="11" sl="12" sc="3" el="12" ec="54" bec="0" bev="0" fileid="2" />
              </SequencePoints>
              <BranchPoints />
              <MethodPoint xsi:type="SequencePoint" vc="1" uspid="158" ordinal="0" offset="0" sl="11" sc="3" el="11" ec="54" bec="0" bev="0" fileid="2" />
            </Method>
          </Methods>
        </Class>
        <Class>
          <Summary numSequencePoints="12" visitedSequencePoints="0" numBranchPoints="2" visitedBranchPoints="0" sequenceCoverage="0" branchCoverage="0" maxCyclomaticComplexity="1" minCyclomaticComplexity="1" />
          <FullName>SharpModbusTest.EncodeTest</FullName>
          <Methods>
            <Method visited="false" cyclomaticComplexity="1" sequenceCoverage="0" branchCoverage="0" isConstructor="false" isStatic="false" isGetter="false" isSetter="false">
              <Summary numSequencePoints="5" visitedSequencePoints="0" numBranchPoints="1" visitedBranchPoints="0" sequenceCoverage="0" branchCoverage="0" maxCyclomaticComplexity="1" minCyclomaticComplexity="1" />
              <MetadataToken>100663309</MetadataToken>
              <Name>System.Void SharpModbusTest.EncodeTest::DecodeBoolsTest()</Name>
              <FileRef uid="3" />
              <SequencePoints>
                <SequencePoint vc="0" uspid="160" ordinal="0" offset="0" sl="12" sc="3" el="12" ec="4" bec="0" bev="0" fileid="3" />
                <SequencePoint vc="0" uspid="161" ordinal="1" offset="1" sl="13" sc="4" el="13" ec="87" bec="0" bev="0" fileid="3" />
                <SequencePoint vc="0" uspid="162" ordinal="2" offset="28" sl="14" sc="4" el="17" ec="14" bec="0" bev="0" fileid="3" />
                <SequencePoint vc="0" uspid="163" ordinal="3" offset="69" sl="18" sc="4" el="33" ec="15" bec="0" bev="0" fileid="3" />
                <SequencePoint vc="0" uspid="164" ordinal="4" offset="117" sl="34" sc="3" el="34" ec="4" bec="0" bev="0" fileid="3" />
              </SequencePoints>
              <BranchPoints />
              <MethodPoint xsi:type="SequencePoint" vc="0" uspid="160" ordinal="0" offset="0" sl="12" sc="3" el="12" ec="4" bec="0" bev="0" fileid="3" />
            </Method>
            <Method visited="false" cyclomaticComplexity="1" sequenceCoverage="0" branchCoverage="0" isConstructor="false" isStatic="false" isGetter="false" isSetter="false">
              <Summary numSequencePoints="7" visitedSequencePoints="0" numBranchPoints="1" visitedBranchPoints="0" sequenceCoverage="0" branchCoverage="0" maxCyclomaticComplexity="1" minCyclomaticComplexity="1" />
              <MetadataToken>100663310</MetadataToken>
              <Name>System.Void SharpModbusTest.EncodeTest::EncodeBoolsTest()</Name>
              <FileRef uid="3" />
              <SequencePoints>
                <SequencePoint vc="0" uspid="165" ordinal="0" offset="0" sl="38" sc="3" el="38" ec="4" bec="0" bev="0" fileid="3" />
                <SequencePoint vc="0" uspid="166" ordinal="1" offset="1" sl="39" sc="4" el="39" ec="76" bec="0" bev="0" fileid="3" />
                <SequencePoint vc="0" uspid="167" ordinal="2" offset="24" sl="40" sc="4" el="40" ec="86" bec="0" bev="0" fileid="3" />
                <SequencePoint vc="0" uspid="168" ordinal="3" offset="59" sl="41" sc="4" el="44" ec="8" bec="0" bev="0" fileid="3" />
                <SequencePoint vc="0" uspid="169" ordinal="4" offset="98" sl="45" sc="4" el="51" ec="8" bec="0" bev="0" fileid="3" />
                <SequencePoint vc="0" uspid="170" ordinal="5" offset="139" sl="52" sc="4" el="64" ec="8" bec="0" bev="0" fileid="3" />
                <SequencePoint vc="0" uspid="171" ordinal="6" offset="185" sl="65" sc="3" el="65" ec="4" bec="0" bev="0" fileid="3" />
              </SequencePoints>
              <BranchPoints />
              <MethodPoint xsi:type="SequencePoint" vc="0" uspid="165" ordinal="0" offset="0" sl="38" sc="3" el="38" ec="4" bec="0" bev="0" fileid="3" />
            </Method>
            <Method visited="false" cyclomaticComplexity="1" sequenceCoverage="0" branchCoverage="0" isConstructor="true" isStatic="false" isGetter="false" isSetter="false">
              <Summary numSequencePoints="0" visitedSequencePoints="0" numBranchPoints="0" visitedBranchPoints="0" sequenceCoverage="0" branchCoverage="0" maxCyclomaticComplexity="1" minCyclomaticComplexity="1" />
              <MetadataToken>100663311</MetadataToken>
              <Name>System.Void SharpModbusTest.EncodeTest::.ctor()</Name>
              <SequencePoints />
              <BranchPoints />
              <MethodPoint vc="0" uspid="172" ordinal="0" offset="0" />
            </Method>
          </Methods>
        </Class>
        <Class>
          <Summary numSequencePoints="0" visitedSequencePoints="0" numBranchPoints="0" visitedBranchPoints="0" sequenceCoverage="0" branchCoverage="0" maxCyclomaticComplexity="0" minCyclomaticComplexity="0" />
          <FullName>&lt;PrivateImplementationDetails&gt;{1306974D-F861-47F3-9F84-02C2DAC6C104}</FullName>
          <Methods />
        </Class>
      </Classes>
    </Module>
    <Module skippedDueTo="MissingPdb" hash="42-83-FE-A6-9F-01-8E-2C-E8-41-E9-25-3E-1E-0D-99-81-76-6B-C9">
      <FullName>C:\Users\samuel\AppData\Local\Temp\nunit20\ShadowCopyCache\916_636217614009224081\Tests_89139828\assembly\dl3\f4e59c6d\000fd480_1f40d101\nunit.framework.dll</FullName>
      <ModuleName>nunit.framework</ModuleName>
      <Classes />
    </Module>
    <Module hash="23-9B-16-A0-76-42-BA-69-F9-5D-8A-65-71-21-C3-BE-3A-81-16-88">
      <Summary numSequencePoints="777" visitedSequencePoints="397" numBranchPoints="236" visitedBranchPoints="109" sequenceCoverage="51.09" branchCoverage="46.19" maxCyclomaticComplexity="10" minCyclomaticComplexity="1" />
      <FullName>C:\Users\samuel\AppData\Local\Temp\nunit20\ShadowCopyCache\916_636217614009224081\Tests_89139828\assembly\dl3\bb7b8f77\d802548b_a77ed201\SharpModbus.dll</FullName>
      <ModuleName>SharpModbus</ModuleName>
      <Files>
        <File uid="7" fullPath="c:\Users\samuel\Documents\github\SharpModbus\SharpModbus\Helpers.cs" />
        <File uid="11" fullPath="c:\Users\samuel\Documents\github\SharpModbus\SharpModbus\ModbusF02ReadInputs.cs" />
        <File uid="12" fullPath="c:\Users\samuel\Documents\github\SharpModbus\SharpModbus\ModbusF01ReadCoils.cs" />
        <File uid="13" fullPath="c:\Users\samuel\Documents\github\SharpModbus\SharpModbus\ModbusF03ReadHoldingRegisters.cs" />
        <File uid="14" fullPath="c:\Users\samuel\Documents\github\SharpModbus\SharpModbus\ModbusF04ReadInputRegisters.cs" />
        <File uid="15" fullPath="c:\Users\samuel\Documents\github\SharpModbus\SharpModbus\ModbusF05WriteCoil.cs" />
        <File uid="16" fullPath="c:\Users\samuel\Documents\github\SharpModbus\SharpModbus\ModbusF06WriteRegister.cs" />
        <File uid="17" fullPath="c:\Users\samuel\Documents\github\SharpModbus\SharpModbus\ModbusF15WriteCoils.cs" />
        <File uid="18" fullPath="c:\Users\samuel\Documents\github\SharpModbus\SharpModbus\ModbusF16WriteRegisters.cs" />
        <File uid="19" fullPath="c:\Users\samuel\Documents\github\SharpModbus\SharpModbus\ModbusHelper.cs" />
        <File uid="20" fullPath="c:\Users\samuel\Documents\github\SharpModbus\SharpModbus\ModbusMaster.cs" />
        <File uid="21" fullPath="c:\Users\samuel\Documents\github\SharpModbus\SharpModbus\ModbusParser.cs" />
        <File uid="22" fullPath="c:\Users\samuel\Documents\github\SharpModbus\SharpModbus\ModbusRTUWrapper.cs" />
        <File uid="23" fullPath="c:\Users\samuel\Documents\github\SharpModbus\SharpModbus\ModbusTCPScanner.cs" />
        <File uid="24" fullPath="c:\Users\samuel\Documents\github\SharpModbus\SharpModbus\ModbusTCPWrapper.cs" />
        <File uid="25" fullPath="c:\Users\samuel\Documents\github\SharpModbus\SharpModbus\ModbusRTUProtocol.cs" />
        <File uid="26" fullPath="c:\Users\samuel\Documents\github\SharpModbus\SharpModbus\SerialModbusStream.cs" />
        <File uid="27" fullPath="c:\Users\samuel\Documents\github\SharpModbus\SharpModbus\SocketModbusStream.cs" />
        <File uid="28" fullPath="c:\Users\samuel\Documents\github\SharpModbus\SharpModbus\ModbusTCPProtocol.cs" />
      </Files>
      <Classes>
        <Class>
          <Summary numSequencePoints="0" visitedSequencePoints="0" numBranchPoints="0" visitedBranchPoints="0" sequenceCoverage="0" branchCoverage="0" maxCyclomaticComplexity="0" minCyclomaticComplexity="0" />
          <FullName>&lt;Module&gt;</FullName>
          <Methods />
        </Class>
        <Class>
          <Summary numSequencePoints="8" visitedSequencePoints="0" numBranchPoints="3" visitedBranchPoints="0" sequenceCoverage="0" branchCoverage="0" maxCyclomaticComplexity="2" minCyclomaticComplexity="2" />
          <FullName>SharpModbus.TcpTools</FullName>
          <Methods>
            <Method visited="false" cyclomaticComplexity="2" sequenceCoverage="0" branchCoverage="0" isConstructor="false" isStatic="true" isGetter="false" isSetter="false">
              <Summary numSequencePoints="8" visitedSequencePoints="0" numBranchPoints="3" visitedBranchPoints="0" sequenceCoverage="0" branchCoverage="0" maxCyclomaticComplexity="2" minCyclomaticComplexity="2" />
              <MetadataToken>100663297</MetadataToken>
              <Name>System.Net.Sockets.TcpClient SharpModbus.TcpTools::ConnectWithTimeout(System.String,System.Int32,System.Int32)</Name>
              <FileRef uid="7" />
              <SequencePoints>
                <SequencePoint vc="0" uspid="173" ordinal="0" offset="0" sl="20" sc="3" el="20" ec="4" bec="0" bev="0" fileid="7" />
                <SequencePoint vc="0" uspid="174" ordinal="1" offset="1" sl="21" sc="4" el="21" ec="33" bec="0" bev="0" fileid="7" />
                <SequencePoint vc="0" uspid="175" ordinal="2" offset="7" sl="22" sc="4" el="22" ec="61" bec="0" bev="0" fileid="7" />
                <SequencePoint vc="0" uspid="176" ordinal="3" offset="18" sl="23" sc="4" el="23" ec="55" bec="2" bev="0" fileid="7" />
                <SequencePoint vc="0" uspid="177" ordinal="4" offset="35" sl="24" sc="5" el="24" ec="64" bec="0" bev="0" fileid="7" />
                <SequencePoint vc="0" uspid="178" ordinal="5" offset="71" sl="25" sc="4" el="25" ec="30" bec="0" bev="0" fileid="7" />
                <SequencePoint vc="0" uspid="179" ordinal="6" offset="79" sl="26" sc="4" el="26" ec="18" bec="0" bev="0" fileid="7" />
                <SequencePoint vc="0" uspid="180" ordinal="7" offset="83" sl="27" sc="3" el="27" ec="4" bec="0" bev="0" fileid="7" />
              </SequencePoints>
              <BranchPoints>
                <BranchPoint vc="0" uspid="181" ordinal="0" offset="33" path="0" offsetchain="" offsetend="35" />
                <BranchPoint vc="0" uspid="182" ordinal="1" offset="33" path="1" offsetchain="" offsetend="71" />
              </BranchPoints>
              <MethodPoint xsi:type="SequencePoint" vc="0" uspid="173" ordinal="0" offset="0" sl="20" sc="3" el="20" ec="4" bec="0" bev="0" fileid="7" />
            </Method>
          </Methods>
        </Class>
        <Class>
          <Summary numSequencePoints="8" visitedSequencePoints="3" numBranchPoints="6" visitedBranchPoints="2" sequenceCoverage="37.5" branchCoverage="33.33" maxCyclomaticComplexity="2" minCyclomaticComplexity="2" />
          <FullName>SharpModbus.Assert</FullName>
          <Methods>
            <Method visited="true" cyclomaticComplexity="2" sequenceCoverage="75" branchCoverage="66.67" isConstructor="false" isStatic="true" isGetter="false" isSetter="false">
              <Summary numSequencePoints="4" visitedSequencePoints="3" numBranchPoints="3" visitedBranchPoints="2" sequenceCoverage="75" branchCoverage="66.67" maxCyclomaticComplexity="2" minCyclomaticComplexity="2" />
              <MetadataToken>100663298</MetadataToken>
              <Name>System.Void SharpModbus.Assert::Equal(System.Int32,System.Int32,System.String)</Name>
              <FileRef uid="7" />
              <SequencePoints>
                <SequencePoint vc="60" uspid="183" ordinal="0" offset="0" sl="34" sc="3" el="34" ec="4" bec="0" bev="0" fileid="7" />
                <SequencePoint vc="60" uspid="184" ordinal="1" offset="1" sl="35" sc="4" el="35" ec="15" bec="2" bev="1" fileid="7" />
                <SequencePoint vc="0" uspid="185" ordinal="2" offset="9" sl="36" sc="5" el="36" ec="54" bec="0" bev="0" fileid="7" />
                <SequencePoint vc="60" uspid="186" ordinal="3" offset="33" sl="37" sc="3" el="37" ec="4" bec="0" bev="0" fileid="7" />
              </SequencePoints>
              <BranchPoints>
                <BranchPoint vc="0" uspid="187" ordinal="0" offset="7" path="0" offsetchain="" offsetend="9" />
                <BranchPoint vc="60" uspid="188" ordinal="1" offset="7" path="1" offsetchain="" offsetend="33" />
              </BranchPoints>
              <MethodPoint xsi:type="SequencePoint" vc="60" uspid="183" ordinal="0" offset="0" sl="34" sc="3" el="34" ec="4" bec="0" bev="0" fileid="7" />
            </Method>
            <Method visited="false" cyclomaticComplexity="2" sequenceCoverage="0" branchCoverage="0" isConstructor="false" isStatic="true" isGetter="false" isSetter="false">
              <Summary numSequencePoints="4" visitedSequencePoints="0" numBranchPoints="3" visitedBranchPoints="0" sequenceCoverage="0" branchCoverage="0" maxCyclomaticComplexity="2" minCyclomaticComplexity="2" />
              <MetadataToken>100663299</MetadataToken>
              <Name>System.Void SharpModbus.Assert::Equal(System.Int32,System.Int32,System.Int32,System.String)</Name>
              <FileRef uid="7" />
              <SequencePoints>
                <SequencePoint vc="0" uspid="189" ordinal="0" offset="0" sl="40" sc="3" el="40" ec="4" bec="0" bev="0" fileid="7" />
                <SequencePoint vc="0" uspid="190" ordinal="1" offset="1" sl="41" sc="4" el="41" ec="15" bec="2" bev="0" fileid="7" />
                <SequencePoint vc="0" uspid="191" ordinal="2" offset="9" sl="42" sc="5" el="42" ec="57" bec="0" bev="0" fileid="7" />
                <SequencePoint vc="0" uspid="192" ordinal="3" offset="39" sl="43" sc="3" el="43" ec="4" bec="0" bev="0" fileid="7" />
              </SequencePoints>
              <BranchPoints>
                <BranchPoint vc="0" uspid="193" ordinal="0" offset="7" path="0" offsetchain="" offsetend="9" />
                <BranchPoint vc="0" uspid="194" ordinal="1" offset="7" path="1" offsetchain="" offsetend="39" />
              </BranchPoints>
              <MethodPoint xsi:type="SequencePoint" vc="0" uspid="189" ordinal="0" offset="0" sl="40" sc="3" el="40" ec="4" bec="0" bev="0" fileid="7" />
            </Method>
          </Methods>
        </Class>
        <Class>
          <Summary numSequencePoints="18" visitedSequencePoints="0" numBranchPoints="6" visitedBranchPoints="0" sequenceCoverage="0" branchCoverage="0" maxCyclomaticComplexity="2" minCyclomaticComplexity="2" />
          <FullName>SharpModbus.Disposer</FullName>
          <Methods>
            <Method visited="false" cyclomaticComplexity="2" sequenceCoverage="0" branchCoverage="0" isConstructor="false" isStatic="true" isGetter="false" isSetter="false">
              <Summary numSequencePoints="9" visitedSequencePoints="0" numBranchPoints="3" visitedBranchPoints="0" sequenceCoverage="0" branchCoverage="0" maxCyclomaticComplexity="2" minCyclomaticComplexity="2" />
              <MetadataToken>100663300</MetadataToken>
              <Name>System.Void SharpModbus.Disposer::Dispose(System.IDisposable)</Name>
              <FileRef uid="7" />
              <SequencePoints>
                <SequencePoint vc="0" uspid="195" ordinal="0" offset="0" sl="50" sc="3" el="50" ec="4" bec="0" bev="0" fileid="7" />
                <SequencePoint vc="0" uspid="196" ordinal="1" offset="1" sl="51" sc="8" el="51" ec="9" bec="0" bev="0" fileid="7" />
                <SequencePoint vc="0" uspid="197" ordinal="2" offset="2" sl="52" sc="5" el="52" ec="27" bec="2" bev="0" fileid="7" />
                <SequencePoint vc="0" uspid="198" ordinal="3" offset="10" sl="53" sc="6" el="53" ec="26" bec="0" bev="0" fileid="7" />
                <SequencePoint vc="0" uspid="199" ordinal="4" offset="17" sl="54" sc="4" el="54" ec="5" bec="0" bev="0" fileid="7" />
                <SequencePoint vc="0" uspid="200" ordinal="5" offset="20" sl="54" sc="6" el="54" ec="23" bec="0" bev="0" fileid="7" />
                <SequencePoint vc="0" uspid="201" ordinal="6" offset="21" sl="54" sc="24" el="54" ec="25" bec="0" bev="0" fileid="7" />
                <SequencePoint vc="0" uspid="202" ordinal="7" offset="22" sl="55" sc="4" el="55" ec="5" bec="0" bev="0" fileid="7" />
                <SequencePoint vc="0" uspid="203" ordinal="8" offset="26" sl="56" sc="3" el="56" ec="4" bec="0" bev="0" fileid="7" />
              </SequencePoints>
              <BranchPoints>
                <BranchPoint vc="0" uspid="204" ordinal="0" offset="8" path="0" offsetchain="" offsetend="10" />
                <BranchPoint vc="0" uspid="205" ordinal="1" offset="8" path="1" offsetchain="" offsetend="17" />
              </BranchPoints>
              <MethodPoint xsi:type="SequencePoint" vc="0" uspid="195" ordinal="0" offset="0" sl="50" sc="3" el="50" ec="4" bec="0" bev="0" fileid="7" />
            </Method>
            <Method visited="false" cyclomaticComplexity="2" sequenceCoverage="0" branchCoverage="0" isConstructor="false" isStatic="true" isGetter="false" isSetter="false">
              <Summary numSequencePoints="9" visitedSequencePoints="0" numBranchPoints="3" visitedBranchPoints="0" sequenceCoverage="0" branchCoverage="0" maxCyclomaticComplexity="2" minCyclomaticComplexity="2" />
              <MetadataToken>100663301</MetadataToken>
              <Name>System.Void SharpModbus.Disposer::Close(System.Net.Sockets.TcpListener)</Name>
              <FileRef uid="7" />
              <SequencePoints>
                <SequencePoint vc="0" uspid="206" ordinal="0" offset="0" sl="59" sc="3" el="59" ec="4" bec="0" bev="0" fileid="7" />
                <SequencePoint vc="0" uspid="207" ordinal="1" offset="1" sl="60" sc="8" el="60" ec="9" bec="0" bev="0" fileid="7" />
                <SequencePoint vc="0" uspid="208" ordinal="2" offset="2" sl="61" sc="5" el="61" ec="27" bec="2" bev="0" fileid="7" />
                <SequencePoint vc="0" uspid="209" ordinal="3" offset="10" sl="62" sc="6" el="62" ec="23" bec="0" bev="0" fileid="7" />
                <SequencePoint vc="0" uspid="210" ordinal="4" offset="17" sl="63" sc="4" el="63" ec="5" bec="0" bev="0" fileid="7" />
                <SequencePoint vc="0" uspid="211" ordinal="5" offset="20" sl="63" sc="6" el="63" ec="23" bec="0" bev="0" fileid="7" />
                <SequencePoint vc="0" uspid="212" ordinal="6" offset="21" sl="63" sc="24" el="63" ec="25" bec="0" bev="0" fileid="7" />
                <SequencePoint vc="0" uspid="213" ordinal="7" offset="22" sl="64" sc="4" el="64" ec="5" bec="0" bev="0" fileid="7" />
                <SequencePoint vc="0" uspid="214" ordinal="8" offset="26" sl="65" sc="3" el="65" ec="4" bec="0" bev="0" fileid="7" />
              </SequencePoints>
              <BranchPoints>
                <BranchPoint vc="0" uspid="215" ordinal="0" offset="8" path="0" offsetchain="" offsetend="10" />
                <BranchPoint vc="0" uspid="216" ordinal="1" offset="8" path="1" offsetchain="" offsetend="17" />
              </BranchPoints>
              <MethodPoint xsi:type="SequencePoint" vc="0" uspid="206" ordinal="0" offset="0" sl="59" sc="3" el="59" ec="4" bec="0" bev="0" fileid="7" />
            </Method>
          </Methods>
        </Class>
        <Class>
          <Summary numSequencePoints="14" visitedSequencePoints="0" numBranchPoints="6" visitedBranchPoints="0" sequenceCoverage="0" branchCoverage="0" maxCyclomaticComplexity="2" minCyclomaticComplexity="2" />
          <FullName>SharpModbus.Thrower</FullName>
          <Methods>
            <Method visited="false" cyclomaticComplexity="2" sequenceCoverage="0" branchCoverage="0" isConstructor="false" isStatic="true" isGetter="false" isSetter="false">
              <Summary numSequencePoints="7" visitedSequencePoints="0" numBranchPoints="3" visitedBranchPoints="0" sequenceCoverage="0" branchCoverage="0" maxCyclomaticComplexity="2" minCyclomaticComplexity="2" />
              <MetadataToken>100663302</MetadataToken>
              <Name>System.Void SharpModbus.Thrower::Throw(System.String,System.Object[])</Name>
              <FileRef uid="7" />
              <SequencePoints>
                <SequencePoint vc="0" uspid="217" ordinal="0" offset="0" sl="72" sc="3" el="72" ec="4" bec="0" bev="0" fileid="7" />
                <SequencePoint vc="0" uspid="218" ordinal="1" offset="1" sl="73" sc="4" el="73" ec="25" bec="0" bev="0" fileid="7" />
                <SequencePoint vc="0" uspid="219" ordinal="2" offset="3" sl="74" sc="4" el="74" ec="24" bec="2" bev="0" fileid="7" />
                <SequencePoint vc="0" uspid="220" ordinal="3" offset="16" sl="74" sc="25" el="74" ec="26" bec="0" bev="0" fileid="7" />
                <SequencePoint vc="0" uspid="221" ordinal="4" offset="17" sl="75" sc="5" el="75" ec="43" bec="0" bev="0" fileid="7" />
                <SequencePoint vc="0" uspid="222" ordinal="5" offset="25" sl="76" sc="4" el="76" ec="5" bec="0" bev="0" fileid="7" />
                <SequencePoint vc="0" uspid="223" ordinal="6" offset="26" sl="77" sc="4" el="77" ec="33" bec="0" bev="0" fileid="7" />
              </SequencePoints>
              <BranchPoints>
                <BranchPoint vc="0" uspid="224" ordinal="0" offset="14" path="0" offsetchain="" offsetend="16" />
                <BranchPoint vc="0" uspid="225" ordinal="1" offset="14" path="1" offsetchain="" offsetend="26" />
              </BranchPoints>
              <MethodPoint xsi:type="SequencePoint" vc="0" uspid="217" ordinal="0" offset="0" sl="72" sc="3" el="72" ec="4" bec="0" bev="0" fileid="7" />
            </Method>
            <Method visited="false" cyclomaticComplexity="2" sequenceCoverage="0" branchCoverage="0" isConstructor="false" isStatic="true" isGetter="false" isSetter="false">
              <Summary numSequencePoints="7" visitedSequencePoints="0" numBranchPoints="3" visitedBranchPoints="0" sequenceCoverage="0" branchCoverage="0" maxCyclomaticComplexity="2" minCyclomaticComplexity="2" />
              <MetadataToken>100663303</MetadataToken>
              <Name>System.Void SharpModbus.Thrower::Throw(System.Exception,System.String,System.Object[])</Name>
              <FileRef uid="7" />
              <SequencePoints>
                <SequencePoint vc="0" uspid="226" ordinal="0" offset="0" sl="81" sc="3" el="81" ec="4" bec="0" bev="0" fileid="7" />
                <SequencePoint vc="0" uspid="227" ordinal="1" offset="1" sl="82" sc="4" el="82" ec="25" bec="0" bev="0" fileid="7" />
                <SequencePoint vc="0" uspid="228" ordinal="2" offset="3" sl="83" sc="4" el="83" ec="24" bec="2" bev="0" fileid="7" />
                <SequencePoint vc="0" uspid="229" ordinal="3" offset="16" sl="83" sc="25" el="83" ec="26" bec="0" bev="0" fileid="7" />
                <SequencePoint vc="0" uspid="230" ordinal="4" offset="17" sl="84" sc="5" el="84" ec="43" bec="0" bev="0" fileid="7" />
                <SequencePoint vc="0" uspid="231" ordinal="5" offset="25" sl="85" sc="4" el="85" ec="5" bec="0" bev="0" fileid="7" />
                <SequencePoint vc="0" uspid="232" ordinal="6" offset="26" sl="86" sc="4" el="86" ec="40" bec="0" bev="0" fileid="7" />
              </SequencePoints>
              <BranchPoints>
                <BranchPoint vc="0" uspid="233" ordinal="0" offset="14" path="0" offsetchain="" offsetend="16" />
                <BranchPoint vc="0" uspid="234" ordinal="1" offset="14" path="1" offsetchain="" offsetend="26" />
              </BranchPoints>
              <MethodPoint xsi:type="SequencePoint" vc="0" uspid="226" ordinal="0" offset="0" sl="81" sc="3" el="81" ec="4" bec="0" bev="0" fileid="7" />
            </Method>
          </Methods>
        </Class>
        <Class>
          <Summary numSequencePoints="39" visitedSequencePoints="20" numBranchPoints="9" visitedBranchPoints="4" sequenceCoverage="51.28" branchCoverage="44.44" maxCyclomaticComplexity="1" minCyclomaticComplexity="1" />
          <FullName>SharpModbus.ModbusF02ReadInputs</FullName>
          <Methods>
            <Method visited="false" cyclomaticComplexity="1" sequenceCoverage="0" branchCoverage="0" isConstructor="false" isStatic="false" isGetter="true" isSetter="false">
              <Summary numSequencePoints="3" visitedSequencePoints="0" numBranchPoints="1" visitedBranchPoints="0" sequenceCoverage="0" branchCoverage="0" maxCyclomaticComplexity="1" minCyclomaticComplexity="1" />
              <MetadataToken>100663313</MetadataToken>
              <Name>System.Byte SharpModbus.ModbusF02ReadInputs::get_Slave()</Name>
              <FileRef uid="11" />
              <SequencePoints>
                <SequencePoint vc="0" uspid="235" ordinal="0" offset="0" sl="11" sc="27" el="11" ec="28" bec="0" bev="0" fileid="11" />
                <SequencePoint vc="0" uspid="236" ordinal="1" offset="1" sl="11" sc="29" el="11" ec="42" bec="0" bev="0" fileid="11" />
                <SequencePoint vc="0" uspid="237" ordinal="2" offset="10" sl="11" sc="43" el="11" ec="44" bec="0" bev="0" fileid="11" />
              </SequencePoints>
              <BranchPoints />
              <MethodPoint xsi:type="SequencePoint" vc="0" uspid="235" ordinal="0" offset="0" sl="11" sc="27" el="11" ec="28" bec="0" bev="0" fileid="11" />
            </Method>
            <Method visited="false" cyclomaticComplexity="1" sequenceCoverage="0" branchCoverage="0" isConstructor="false" isStatic="false" isGetter="true" isSetter="false">
              <Summary numSequencePoints="3" visitedSequencePoints="0" numBranchPoints="1" visitedBranchPoints="0" sequenceCoverage="0" branchCoverage="0" maxCyclomaticComplexity="1" minCyclomaticComplexity="1" />
              <MetadataToken>100663314</MetadataToken>
              <Name>System.UInt16 SharpModbus.ModbusF02ReadInputs::get_Address()</Name>
              <FileRef uid="11" />
              <SequencePoints>
                <SequencePoint vc="0" uspid="238" ordinal="0" offset="0" sl="12" sc="31" el="12" ec="32" bec="0" bev="0" fileid="11" />
                <SequencePoint vc="0" uspid="239" ordinal="1" offset="1" sl="12" sc="33" el="12" ec="48" bec="0" bev="0" fileid="11" />
                <SequencePoint vc="0" uspid="240" ordinal="2" offset="10" sl="12" sc="49" el="12" ec="50" bec="0" bev="0" fileid="11" />
              </SequencePoints>
              <BranchPoints />
              <MethodPoint xsi:type="SequencePoint" vc="0" uspid="238" ordinal="0" offset="0" sl="12" sc="31" el="12" ec="32" bec="0" bev="0" fileid="11" />
            </Method>
            <Method visited="false" cyclomaticComplexity="1" sequenceCoverage="0" branchCoverage="0" isConstructor="false" isStatic="false" isGetter="true" isSetter="false">
              <Summary numSequencePoints="3" visitedSequencePoints="0" numBranchPoints="1" visitedBranchPoints="0" sequenceCoverage="0" branchCoverage="0" maxCyclomaticComplexity="1" minCyclomaticComplexity="1" />
              <MetadataToken>100663315</MetadataToken>
              <Name>System.UInt16 SharpModbus.ModbusF02ReadInputs::get_Count()</Name>
              <FileRef uid="11" />
              <SequencePoints>
                <SequencePoint vc="0" uspid="241" ordinal="0" offset="0" sl="13" sc="29" el="13" ec="30" bec="0" bev="0" fileid="11" />
                <SequencePoint vc="0" uspid="242" ordinal="1" offset="1" sl="13" sc="31" el="13" ec="44" bec="0" bev="0" fileid="11" />
                <SequencePoint vc="0" uspid="243" ordinal="2" offset="10" sl="13" sc="45" el="13" ec="46" bec="0" bev="0" fileid="11" />
              </SequencePoints>
              <BranchPoints />
              <MethodPoint xsi:type="SequencePoint" vc="0" uspid="241" ordinal="0" offset="0" sl="13" sc="29" el="13" ec="30" bec="0" bev="0" fileid="11" />
            </Method>
            <Method visited="true" cyclomaticComplexity="1" sequenceCoverage="100" branchCoverage="100" isConstructor="false" isStatic="false" isGetter="true" isSetter="false">
              <Summary numSequencePoints="3" visitedSequencePoints="3" numBranchPoints="1" visitedBranchPoints="1" sequenceCoverage="100" branchCoverage="100" maxCyclomaticComplexity="1" minCyclomaticComplexity="1" />
              <MetadataToken>100663316</MetadataToken>
              <Name>System.Int32 SharpModbus.ModbusF02ReadInputs::get_RequestLength()</Name>
              <FileRef uid="11" />
              <SequencePoints>
                <SequencePoint vc="12" uspid="244" ordinal="0" offset="0" sl="14" sc="34" el="14" ec="35" bec="0" bev="0" fileid="11" />
                <SequencePoint vc="12" uspid="245" ordinal="1" offset="1" sl="14" sc="36" el="14" ec="45" bec="0" bev="0" fileid="11" />
                <SequencePoint vc="12" uspid="246" ordinal="2" offset="5" sl="14" sc="46" el="14" ec="47" bec="0" bev="0" fileid="11" />
              </SequencePoints>
              <BranchPoints />
              <MethodPoint xsi:type="SequencePoint" vc="12" uspid="244" ordinal="0" offset="0" sl="14" sc="34" el="14" ec="35" bec="0" bev="0" fileid="11" />
            </Method>
            <Method visited="false" cyclomaticComplexity="1" sequenceCoverage="0" branchCoverage="0" isConstructor="false" isStatic="false" isGetter="true" isSetter="false">
              <Summary numSequencePoints="3" visitedSequencePoints="0" numBranchPoints="1" visitedBranchPoints="0" sequenceCoverage="0" branchCoverage="0" maxCyclomaticComplexity="1" minCyclomaticComplexity="1" />
              <MetadataToken>100663317</MetadataToken>
              <Name>System.Int32 SharpModbus.ModbusF02ReadInputs::get_ResponseLength()</Name>
              <FileRef uid="11" />
              <SequencePoints>
                <SequencePoint vc="0" uspid="247" ordinal="0" offset="0" sl="15" sc="35" el="15" ec="36" bec="0" bev="0" fileid="11" />
                <SequencePoint vc="0" uspid="248" ordinal="1" offset="1" sl="15" sc="37" el="15" ec="82" bec="0" bev="0" fileid="11" />
                <SequencePoint vc="0" uspid="249" ordinal="2" offset="17" sl="15" sc="83" el="15" ec="84" bec="0" bev="0" fileid="11" />
              </SequencePoints>
              <BranchPoints />
              <MethodPoint xsi:type="SequencePoint" vc="0" uspid="247" ordinal="0" offset="0" sl="15" sc="35" el="15" ec="36" bec="0" bev="0" fileid="11" />
            </Method>
            <Method visited="true" cyclomaticComplexity="1" sequenceCoverage="100" branchCoverage="100" isConstructor="true" isStatic="false" isGetter="false" isSetter="false">
              <Summary numSequencePoints="6" visitedSequencePoints="6" numBranchPoints="1" visitedBranchPoints="1" sequenceCoverage="100" branchCoverage="100" maxCyclomaticComplexity="1" minCyclomaticComplexity="1" />
              <MetadataToken>100663318</MetadataToken>
              <Name>System.Void SharpModbus.ModbusF02ReadInputs::.ctor(System.Byte,System.UInt16,System.UInt16)</Name>
              <FileRef uid="11" />
              <SequencePoints>
                <SequencePoint vc="4" uspid="250" ordinal="0" offset="0" sl="17" sc="3" el="17" ec="71" bec="0" bev="0" fileid="11" />
                <SequencePoint vc="4" uspid="251" ordinal="1" offset="7" sl="18" sc="3" el="18" ec="4" bec="0" bev="0" fileid="11" />
                <SequencePoint vc="4" uspid="252" ordinal="2" offset="8" sl="19" sc="4" el="19" ec="23" bec="0" bev="0" fileid="11" />
                <SequencePoint vc="4" uspid="253" ordinal="3" offset="15" sl="20" sc="4" el="20" ec="27" bec="0" bev="0" fileid="11" />
                <SequencePoint vc="4" uspid="254" ordinal="4" offset="22" sl="21" sc="4" el="21" ec="23" bec="0" bev="0" fileid="11" />
                <SequencePoint vc="4" uspid="255" ordinal="5" offset="29" sl="22" sc="3" el="22" ec="4" bec="0" bev="0" fileid="11" />
              </SequencePoints>
              <BranchPoints />
              <MethodPoint xsi:type="SequencePoint" vc="4" uspid="250" ordinal="0" offset="0" sl="17" sc="3" el="17" ec="71" bec="0" bev="0" fileid="11" />
            </Method>
            <Method visited="true" cyclomaticComplexity="1" sequenceCoverage="100" branchCoverage="100" isConstructor="false" isStatic="false" isGetter="false" isSetter="false">
              <Summary numSequencePoints="8" visitedSequencePoints="8" numBranchPoints="1" visitedBranchPoints="1" sequenceCoverage="100" branchCoverage="100" maxCyclomaticComplexity="1" minCyclomaticComplexity="1" />
              <MetadataToken>100663319</MetadataToken>
              <Name>System.Void SharpModbus.ModbusF02ReadInputs::FillRequest(System.Byte[],System.Int32)</Name>
              <FileRef uid="11" />
              <SequencePoints>
                <SequencePoint vc="3" uspid="256" ordinal="0" offset="0" sl="25" sc="3" el="25" ec="4" bec="0" bev="0" fileid="11" />
                <SequencePoint vc="3" uspid="257" ordinal="1" offset="1" sl="26" sc="4" el="26" ec="32" bec="0" bev="0" fileid="11" />
                <SequencePoint vc="3" uspid="258" ordinal="2" offset="10" sl="27" sc="4" el="27" ec="28" bec="0" bev="0" fileid="11" />
                <SequencePoint vc="3" uspid="259" ordinal="3" offset="16" sl="28" sc="4" el="28" ec="53" bec="0" bev="0" fileid="11" />
                <SequencePoint vc="3" uspid="260" ordinal="4" offset="32" sl="29" sc="4" el="29" ec="52" bec="0" bev="0" fileid="11" />
                <SequencePoint vc="3" uspid="261" ordinal="5" offset="48" sl="30" sc="4" el="30" ec="51" bec="0" bev="0" fileid="11" />
                <SequencePoint vc="3" uspid="262" ordinal="6" offset="64" sl="31" sc="4" el="31" ec="50" bec="0" bev="0" fileid="11" />
                <SequencePoint vc="3" uspid="263" ordinal="7" offset="80" sl="32" sc="3" el="32" ec="4" bec="0" bev="0" fileid="11" />
              </SequencePoints>
              <BranchPoints />
              <MethodPoint xsi:type="SequencePoint" vc="3" uspid="256" ordinal="0" offset="0" sl="25" sc="3" el="25" ec="4" bec="0" bev="0" fileid="11" />
            </Method>
            <Method visited="false" cyclomaticComplexity="1" sequenceCoverage="0" branchCoverage="0" isConstructor="false" isStatic="false" isGetter="false" isSetter="false">
              <Summary numSequencePoints="7" visitedSequencePoints="0" numBranchPoints="1" visitedBranchPoints="0" sequenceCoverage="0" branchCoverage="0" maxCyclomaticComplexity="1" minCyclomaticComplexity="1" />
              <MetadataToken>100663320</MetadataToken>
              <Name>System.Object SharpModbus.ModbusF02ReadInputs::ParseResponse(System.Byte[],System.Int32)</Name>
              <FileRef uid="11" />
              <SequencePoints>
                <SequencePoint vc="0" uspid="264" ordinal="0" offset="0" sl="35" sc="3" el="35" ec="4" bec="0" bev="0" fileid="11" />
                <SequencePoint vc="0" uspid="265" ordinal="1" offset="1" sl="36" sc="4" el="36" ec="50" bec="0" bev="0" fileid="11" />
                <SequencePoint vc="0" uspid="266" ordinal="2" offset="13" sl="37" sc="4" el="37" ec="81" bec="0" bev="0" fileid="11" />
                <SequencePoint vc="0" uspid="267" ordinal="3" offset="33" sl="38" sc="4" el="38" ec="80" bec="0" bev="0" fileid="11" />
                <SequencePoint vc="0" uspid="268" ordinal="4" offset="50" sl="39" sc="4" el="39" ec="81" bec="0" bev="0" fileid="11" />
                <SequencePoint vc="0" uspid="269" ordinal="5" offset="67" sl="40" sc="4" el="40" ec="65" bec="0" bev="0" fileid="11" />
                <SequencePoint vc="0" uspid="270" ordinal="6" offset="85" sl="41" sc="3" el="41" ec="4" bec="0" bev="0" fileid="11" />
              </SequencePoints>
              <BranchPoints />
              <MethodPoint xsi:type="SequencePoint" vc="0" uspid="264" ordinal="0" offset="0" sl="35" sc="3" el="35" ec="4" bec="0" bev="0" fileid="11" />
            </Method>
            <Method visited="true" cyclomaticComplexity="1" sequenceCoverage="100" branchCoverage="100" isConstructor="false" isStatic="false" isGetter="false" isSetter="false">
              <Summary numSequencePoints="3" visitedSequencePoints="3" numBranchPoints="1" visitedBranchPoints="1" sequenceCoverage="100" branchCoverage="100" maxCyclomaticComplexity="1" minCyclomaticComplexity="1" />
              <MetadataToken>100663321</MetadataToken>
              <Name>System.String SharpModbus.ModbusF02ReadInputs::ToString()</Name>
              <FileRef uid="11" />
              <SequencePoints>
                <SequencePoint vc="6" uspid="271" ordinal="0" offset="0" sl="44" sc="3" el="44" ec="4" bec="0" bev="0" fileid="11" />
                <SequencePoint vc="6" uspid="272" ordinal="1" offset="1" sl="45" sc="4" el="45" ec="107" bec="0" bev="0" fileid="11" />
                <SequencePoint vc="6" uspid="273" ordinal="2" offset="47" sl="46" sc="3" el="46" ec="4" bec="0" bev="0" fileid="11" />
              </SequencePoints>
              <BranchPoints />
              <MethodPoint xsi:type="SequencePoint" vc="6" uspid="271" ordinal="0" offset="0" sl="44" sc="3" el="44" ec="4" bec="0" bev="0" fileid="11" />
            </Method>
          </Methods>
        </Class>
        <Class>
          <Summary numSequencePoints="39" visitedSequencePoints="20" numBranchPoints="9" visitedBranchPoints="4" sequenceCoverage="51.28" branchCoverage="44.44" maxCyclomaticComplexity="1" minCyclomaticComplexity="1" />
          <FullName>SharpModbus.ModbusF01ReadCoils</FullName>
          <Methods>
            <Method visited="false" cyclomaticComplexity="1" sequenceCoverage="0" branchCoverage="0" isConstructor="false" isStatic="false" isGetter="true" isSetter="false">
              <Summary numSequencePoints="3" visitedSequencePoints="0" numBranchPoints="1" visitedBranchPoints="0" sequenceCoverage="0" branchCoverage="0" maxCyclomaticComplexity="1" minCyclomaticComplexity="1" />
              <MetadataToken>100663322</MetadataToken>
              <Name>System.Byte SharpModbus.ModbusF01ReadCoils::get_Slave()</Name>
              <FileRef uid="12" />
              <SequencePoints>
                <SequencePoint vc="0" uspid="274" ordinal="0" offset="0" sl="11" sc="27" el="11" ec="28" bec="0" bev="0" fileid="12" />
                <SequencePoint vc="0" uspid="275" ordinal="1" offset="1" sl="11" sc="29" el="11" ec="42" bec="0" bev="0" fileid="12" />
                <SequencePoint vc="0" uspid="276" ordinal="2" offset="10" sl="11" sc="43" el="11" ec="44" bec="0" bev="0" fileid="12" />
              </SequencePoints>
              <BranchPoints />
              <MethodPoint xsi:type="SequencePoint" vc="0" uspid="274" ordinal="0" offset="0" sl="11" sc="27" el="11" ec="28" bec="0" bev="0" fileid="12" />
            </Method>
            <Method visited="false" cyclomaticComplexity="1" sequenceCoverage="0" branchCoverage="0" isConstructor="false" isStatic="false" isGetter="true" isSetter="false">
              <Summary numSequencePoints="3" visitedSequencePoints="0" numBranchPoints="1" visitedBranchPoints="0" sequenceCoverage="0" branchCoverage="0" maxCyclomaticComplexity="1" minCyclomaticComplexity="1" />
              <MetadataToken>100663323</MetadataToken>
              <Name>System.UInt16 SharpModbus.ModbusF01ReadCoils::get_Address()</Name>
              <FileRef uid="12" />
              <SequencePoints>
                <SequencePoint vc="0" uspid="277" ordinal="0" offset="0" sl="12" sc="31" el="12" ec="32" bec="0" bev="0" fileid="12" />
                <SequencePoint vc="0" uspid="278" ordinal="1" offset="1" sl="12" sc="33" el="12" ec="48" bec="0" bev="0" fileid="12" />
                <SequencePoint vc="0" uspid="279" ordinal="2" offset="10" sl="12" sc="49" el="12" ec="50" bec="0" bev="0" fileid="12" />
              </SequencePoints>
              <BranchPoints />
              <MethodPoint xsi:type="SequencePoint" vc="0" uspid="277" ordinal="0" offset="0" sl="12" sc="31" el="12" ec="32" bec="0" bev="0" fileid="12" />
            </Method>
            <Method visited="false" cyclomaticComplexity="1" sequenceCoverage="0" branchCoverage="0" isConstructor="false" isStatic="false" isGetter="true" isSetter="false">
              <Summary numSequencePoints="3" visitedSequencePoints="0" numBranchPoints="1" visitedBranchPoints="0" sequenceCoverage="0" branchCoverage="0" maxCyclomaticComplexity="1" minCyclomaticComplexity="1" />
              <MetadataToken>100663324</MetadataToken>
              <Name>System.UInt16 SharpModbus.ModbusF01ReadCoils::get_Count()</Name>
              <FileRef uid="12" />
              <SequencePoints>
                <SequencePoint vc="0" uspid="280" ordinal="0" offset="0" sl="13" sc="29" el="13" ec="30" bec="0" bev="0" fileid="12" />
                <SequencePoint vc="0" uspid="281" ordinal="1" offset="1" sl="13" sc="31" el="13" ec="44" bec="0" bev="0" fileid="12" />
                <SequencePoint vc="0" uspid="282" ordinal="2" offset="10" sl="13" sc="45" el="13" ec="46" bec="0" bev="0" fileid="12" />
              </SequencePoints>
              <BranchPoints />
              <MethodPoint xsi:type="SequencePoint" vc="0" uspid="280" ordinal="0" offset="0" sl="13" sc="29" el="13" ec="30" bec="0" bev="0" fileid="12" />
            </Method>
            <Method visited="true" cyclomaticComplexity="1" sequenceCoverage="100" branchCoverage="100" isConstructor="false" isStatic="false" isGetter="true" isSetter="false">
              <Summary numSequencePoints="3" visitedSequencePoints="3" numBranchPoints="1" visitedBranchPoints="1" sequenceCoverage="100" branchCoverage="100" maxCyclomaticComplexity="1" minCyclomaticComplexity="1" />
              <MetadataToken>100663325</MetadataToken>
              <Name>System.Int32 SharpModbus.ModbusF01ReadCoils::get_RequestLength()</Name>
              <FileRef uid="12" />
              <SequencePoints>
                <SequencePoint vc="12" uspid="283" ordinal="0" offset="0" sl="14" sc="34" el="14" ec="35" bec="0" bev="0" fileid="12" />
                <SequencePoint vc="12" uspid="284" ordinal="1" offset="1" sl="14" sc="36" el="14" ec="45" bec="0" bev="0" fileid="12" />
                <SequencePoint vc="12" uspid="285" ordinal="2" offset="5" sl="14" sc="46" el="14" ec="47" bec="0" bev="0" fileid="12" />
              </SequencePoints>
              <BranchPoints />
              <MethodPoint xsi:type="SequencePoint" vc="12" uspid="283" ordinal="0" offset="0" sl="14" sc="34" el="14" ec="35" bec="0" bev="0" fileid="12" />
            </Method>
            <Method visited="false" cyclomaticComplexity="1" sequenceCoverage="0" branchCoverage="0" isConstructor="false" isStatic="false" isGetter="true" isSetter="false">
              <Summary numSequencePoints="3" visitedSequencePoints="0" numBranchPoints="1" visitedBranchPoints="0" sequenceCoverage="0" branchCoverage="0" maxCyclomaticComplexity="1" minCyclomaticComplexity="1" />
              <MetadataToken>100663326</MetadataToken>
[...]
              <Summary numSequencePoints="5" visitedSequencePoints="0" numBranchPoints="3" visitedBranchPoints="0" sequenceCoverage="0" branchCoverage="0" maxCyclomaticComplexity="2" minCyclomaticComplexity="2" />
              <MetadataToken>100663449</MetadataToken>
              <Name>System.Void SharpModbus.SerialModbusStream::Write(System.Byte[])</Name>
              <FileRef uid="26" />
              <SequencePoints>
                <SequencePoint vc="0" uspid="954" ordinal="0" offset="0" sl="26" sc="3" el="26" ec="4" bec="0" bev="0" fileid="26" />
                <SequencePoint vc="0" uspid="955" ordinal="1" offset="1" sl="27" sc="4" el="27" ec="24" bec="2" bev="0" fileid="26" />
                <SequencePoint vc="0" uspid="956" ordinal="2" offset="14" sl="28" sc="5" el="28" ec="37" bec="0" bev="0" fileid="26" />
                <SequencePoint vc="0" uspid="957" ordinal="3" offset="32" sl="29" sc="4" el="29" ec="43" bec="0" bev="0" fileid="26" />
                <SequencePoint vc="0" uspid="958" ordinal="4" offset="49" sl="30" sc="3" el="30" ec="4" bec="0" bev="0" fileid="26" />
              </SequencePoints>
              <BranchPoints>
                <BranchPoint vc="0" uspid="959" ordinal="0" offset="12" path="0" offsetchain="" offsetend="14" />
                <BranchPoint vc="0" uspid="960" ordinal="1" offset="12" path="1" offsetchain="" offsetend="32" />
              </BranchPoints>
              <MethodPoint xsi:type="SequencePoint" vc="0" uspid="954" ordinal="0" offset="0" sl="26" sc="3" el="26" ec="4" bec="0" bev="0" fileid="26" />
            </Method>
            <Method visited="false" cyclomaticComplexity="5" sequenceCoverage="0" branchCoverage="0" isConstructor="false" isStatic="false" isGetter="false" isSetter="false">
              <Summary numSequencePoints="14" visitedSequencePoints="0" numBranchPoints="9" visitedBranchPoints="0" sequenceCoverage="0" branchCoverage="0" maxCyclomaticComplexity="5" minCyclomaticComplexity="5" />
              <MetadataToken>100663450</MetadataToken>
              <Name>System.Void SharpModbus.SerialModbusStream::Read(System.Byte[])</Name>
              <FileRef uid="26" />
              <SequencePoints>
                <SequencePoint vc="0" uspid="961" ordinal="0" offset="0" sl="33" sc="3" el="33" ec="4" bec="0" bev="0" fileid="26" />
                <SequencePoint vc="0" uspid="962" ordinal="1" offset="1" sl="34" sc="4" el="34" ec="66" bec="0" bev="0" fileid="26" />
                <SequencePoint vc="0" uspid="963" ordinal="2" offset="27" sl="35" sc="4" el="35" ec="18" bec="0" bev="0" fileid="26" />
                <SequencePoint vc="0" uspid="964" ordinal="3" offset="31" sl="36" sc="53" el="36" ec="54" bec="0" bev="0" fileid="26" />
                <SequencePoint vc="0" uspid="965" ordinal="4" offset="32" sl="37" sc="5" el="37" ec="44" bec="0" bev="0" fileid="26" />
                <SequencePoint vc="0" uspid="966" ordinal="5" offset="44" sl="38" sc="5" el="38" ec="24" bec="2" bev="0" fileid="26" />
                <SequencePoint vc="0" uspid="967" ordinal="6" offset="57" sl="39" sc="6" el="39" ec="22" bec="0" bev="0" fileid="26" />
                <SequencePoint vc="0" uspid="968" ordinal="7" offset="64" sl="40" sc="5" el="40" ec="90" bec="0" bev="0" fileid="26" />
                <SequencePoint vc="0" uspid="969" ordinal="8" offset="91" sl="41" sc="4" el="41" ec="5" bec="0" bev="0" fileid="26" />
                <SequencePoint vc="0" uspid="970" ordinal="9" offset="92" sl="36" sc="4" el="36" ec="52" bec="4" bev="0" fileid="26" />
                <SequencePoint vc="0" uspid="971" ordinal="10" offset="121" sl="42" sc="4" el="42" ec="24" bec="2" bev="0" fileid="26" />
                <SequencePoint vc="0" uspid="972" ordinal="11" offset="136" sl="43" sc="5" el="43" ec="31" bec="0" bev="0" fileid="26" />
                <SequencePoint vc="0" uspid="973" ordinal="12" offset="152" sl="44" sc="4" el="44" ec="61" bec="0" bev="0" fileid="26" />
                <SequencePoint vc="0" uspid="974" ordinal="13" offset="167" sl="45" sc="3" el="45" ec="4" bec="0" bev="0" fileid="26" />
              </SequencePoints>
              <BranchPoints>
                <BranchPoint vc="0" uspid="975" ordinal="0" offset="55" path="0" offsetchain="" offsetend="57" />
                <BranchPoint vc="0" uspid="976" ordinal="1" offset="55" path="1" offsetchain="" offsetend="64" />
                <BranchPoint vc="0" uspid="977" ordinal="2" offset="103" path="0" offsetchain="" offsetend="105" />
                <BranchPoint vc="0" uspid="978" ordinal="3" offset="103" path="1" offsetchain="" offsetend="113" />
                <BranchPoint vc="0" uspid="979" ordinal="4" offset="119" path="0" offsetchain="" offsetend="121" />
                <BranchPoint vc="0" uspid="980" ordinal="5" offset="119" path="1" offsetchain="" offsetend="31" />
                <BranchPoint vc="0" uspid="981" ordinal="6" offset="134" path="0" offsetchain="" offsetend="136" />
                <BranchPoint vc="0" uspid="982" ordinal="7" offset="134" path="1" offsetchain="" offsetend="152" />
              </BranchPoints>
              <MethodPoint xsi:type="SequencePoint" vc="0" uspid="961" ordinal="0" offset="0" sl="33" sc="3" el="33" ec="4" bec="0" bev="0" fileid="26" />
            </Method>
          </Methods>
        </Class>
        <Class>
          <Summary numSequencePoints="29" visitedSequencePoints="0" numBranchPoints="14" visitedBranchPoints="0" sequenceCoverage="0" branchCoverage="0" maxCyclomaticComplexity="5" minCyclomaticComplexity="1" />
          <FullName>SharpModbus.SocketModbusStream</FullName>
          <Methods>
            <Method visited="false" cyclomaticComplexity="1" sequenceCoverage="0" branchCoverage="0" isConstructor="true" isStatic="false" isGetter="false" isSetter="false">
              <Summary numSequencePoints="7" visitedSequencePoints="0" numBranchPoints="1" visitedBranchPoints="0" sequenceCoverage="0" branchCoverage="0" maxCyclomaticComplexity="1" minCyclomaticComplexity="1" />
              <MetadataToken>100663451</MetadataToken>
              <Name>System.Void SharpModbus.SocketModbusStream::.ctor(System.Net.Sockets.TcpClient,System.Int32,System.Action`3&lt;System.Char,System.Byte[],System.Int32&gt;)</Name>
              <FileRef uid="27" />
              <SequencePoints>
                <SequencePoint vc="0" uspid="983" ordinal="0" offset="0" sl="12" sc="3" el="12" ec="101" bec="0" bev="0" fileid="27" />
                <SequencePoint vc="0" uspid="984" ordinal="1" offset="7" sl="13" sc="3" el="13" ec="4" bec="0" bev="0" fileid="27" />
                <SequencePoint vc="0" uspid="985" ordinal="2" offset="8" sl="14" sc="4" el="14" ec="36" bec="0" bev="0" fileid="27" />
                <SequencePoint vc="0" uspid="986" ordinal="3" offset="16" sl="15" sc="4" el="15" ec="33" bec="0" bev="0" fileid="27" />
                <SequencePoint vc="0" uspid="987" ordinal="4" offset="24" sl="16" sc="4" el="16" ec="27" bec="0" bev="0" fileid="27" />
                <SequencePoint vc="0" uspid="988" ordinal="5" offset="31" sl="17" sc="4" el="17" ec="25" bec="0" bev="0" fileid="27" />
                <SequencePoint vc="0" uspid="989" ordinal="6" offset="38" sl="18" sc="3" el="18" ec="4" bec="0" bev="0" fileid="27" />
              </SequencePoints>
              <BranchPoints />
              <MethodPoint xsi:type="SequencePoint" vc="0" uspid="983" ordinal="0" offset="0" sl="12" sc="3" el="12" ec="101" bec="0" bev="0" fileid="27" />
            </Method>
            <Method visited="false" cyclomaticComplexity="1" sequenceCoverage="0" branchCoverage="0" isConstructor="false" isStatic="false" isGetter="false" isSetter="false">
              <Summary numSequencePoints="3" visitedSequencePoints="0" numBranchPoints="1" visitedBranchPoints="0" sequenceCoverage="0" branchCoverage="0" maxCyclomaticComplexity="1" minCyclomaticComplexity="1" />
              <MetadataToken>100663452</MetadataToken>
              <Name>System.Void SharpModbus.SocketModbusStream::Dispose()</Name>
              <FileRef uid="27" />
              <SequencePoints>
                <SequencePoint vc="0" uspid="990" ordinal="0" offset="0" sl="21" sc="3" el="21" ec="4" bec="0" bev="0" fileid="27" />
                <SequencePoint vc="0" uspid="991" ordinal="1" offset="1" sl="22" sc="4" el="22" ec="29" bec="0" bev="0" fileid="27" />
                <SequencePoint vc="0" uspid="992" ordinal="2" offset="13" sl="23" sc="3" el="23" ec="4" bec="0" bev="0" fileid="27" />
              </SequencePoints>
              <BranchPoints />
              <MethodPoint xsi:type="SequencePoint" vc="0" uspid="990" ordinal="0" offset="0" sl="21" sc="3" el="21" ec="4" bec="0" bev="0" fileid="27" />
            </Method>
            <Method visited="false" cyclomaticComplexity="2" sequenceCoverage="0" branchCoverage="0" isConstructor="false" isStatic="false" isGetter="false" isSetter="false">
              <Summary numSequencePoints="5" visitedSequencePoints="0" numBranchPoints="3" visitedBranchPoints="0" sequenceCoverage="0" branchCoverage="0" maxCyclomaticComplexity="2" minCyclomaticComplexity="2" />
              <MetadataToken>100663453</MetadataToken>
              <Name>System.Void SharpModbus.SocketModbusStream::Write(System.Byte[])</Name>
              <FileRef uid="27" />
              <SequencePoints>
                <SequencePoint vc="0" uspid="993" ordinal="0" offset="0" sl="26" sc="3" el="26" ec="4" bec="0" bev="0" fileid="27" />
                <SequencePoint vc="0" uspid="994" ordinal="1" offset="1" sl="27" sc="4" el="27" ec="24" bec="2" bev="0" fileid="27" />
                <SequencePoint vc="0" uspid="995" ordinal="2" offset="14" sl="28" sc="5" el="28" ec="37" bec="0" bev="0" fileid="27" />
                <SequencePoint vc="0" uspid="996" ordinal="3" offset="32" sl="29" sc="4" el="29" ec="51" bec="0" bev="0" fileid="27" />
                <SequencePoint vc="0" uspid="997" ordinal="4" offset="54" sl="30" sc="3" el="30" ec="4" bec="0" bev="0" fileid="27" />
              </SequencePoints>
              <BranchPoints>
                <BranchPoint vc="0" uspid="998" ordinal="0" offset="12" path="0" offsetchain="" offsetend="14" />
                <BranchPoint vc="0" uspid="999" ordinal="1" offset="12" path="1" offsetchain="" offsetend="32" />
              </BranchPoints>
              <MethodPoint xsi:type="SequencePoint" vc="0" uspid="993" ordinal="0" offset="0" sl="26" sc="3" el="26" ec="4" bec="0" bev="0" fileid="27" />
            </Method>
            <Method visited="false" cyclomaticComplexity="5" sequenceCoverage="0" branchCoverage="0" isConstructor="false" isStatic="false" isGetter="false" isSetter="false">
              <Summary numSequencePoints="14" visitedSequencePoints="0" numBranchPoints="9" visitedBranchPoints="0" sequenceCoverage="0" branchCoverage="0" maxCyclomaticComplexity="5" minCyclomaticComplexity="5" />
              <MetadataToken>100663454</MetadataToken>
              <Name>System.Void SharpModbus.SocketModbusStream::Read(System.Byte[])</Name>
              <FileRef uid="27" />
              <SequencePoints>
                <SequencePoint vc="0" uspid="1000" ordinal="0" offset="0" sl="33" sc="3" el="33" ec="4" bec="0" bev="0" fileid="27" />
                <SequencePoint vc="0" uspid="1001" ordinal="1" offset="1" sl="34" sc="4" el="34" ec="65" bec="0" bev="0" fileid="27" />
                <SequencePoint vc="0" uspid="1002" ordinal="2" offset="27" sl="35" sc="4" el="35" ec="18" bec="0" bev="0" fileid="27" />
                <SequencePoint vc="0" uspid="1003" ordinal="3" offset="31" sl="36" sc="53" el="36" ec="54" bec="0" bev="0" fileid="27" />
                <SequencePoint vc="0" uspid="1004" ordinal="4" offset="32" sl="37" sc="5" el="37" ec="38" bec="0" bev="0" fileid="27" />
                <SequencePoint vc="0" uspid="1005" ordinal="5" offset="44" sl="38" sc="5" el="38" ec="24" bec="2" bev="0" fileid="27" />
                <SequencePoint vc="0" uspid="1006" ordinal="6" offset="57" sl="39" sc="6" el="39" ec="22" bec="0" bev="0" fileid="27" />
                <SequencePoint vc="0" uspid="1007" ordinal="7" offset="64" sl="40" sc="5" el="40" ec="98" bec="0" bev="0" fileid="27" />
                <SequencePoint vc="0" uspid="1008" ordinal="8" offset="96" sl="41" sc="4" el="41" ec="5" bec="0" bev="0" fileid="27" />
                <SequencePoint vc="0" uspid="1009" ordinal="9" offset="97" sl="36" sc="4" el="36" ec="52" bec="4" bev="0" fileid="27" />
                <SequencePoint vc="0" uspid="1010" ordinal="10" offset="126" sl="42" sc="4" el="42" ec="24" bec="2" bev="0" fileid="27" />
                <SequencePoint vc="0" uspid="1011" ordinal="11" offset="141" sl="43" sc="5" el="43" ec="31" bec="0" bev="0" fileid="27" />
                <SequencePoint vc="0" uspid="1012" ordinal="12" offset="157" sl="44" sc="4" el="44" ec="61" bec="0" bev="0" fileid="27" />
                <SequencePoint vc="0" uspid="1013" ordinal="13" offset="172" sl="45" sc="3" el="45" ec="4" bec="0" bev="0" fileid="27" />
              </SequencePoints>
              <BranchPoints>
                <BranchPoint vc="0" uspid="1014" ordinal="0" offset="55" path="0" offsetchain="" offsetend="57" />
                <BranchPoint vc="0" uspid="1015" ordinal="1" offset="55" path="1" offsetchain="" offsetend="64" />
                <BranchPoint vc="0" uspid="1016" ordinal="2" offset="108" path="0" offsetchain="" offsetend="110" />
                <BranchPoint vc="0" uspid="1017" ordinal="3" offset="108" path="1" offsetchain="" offsetend="118" />
                <BranchPoint vc="0" uspid="1018" ordinal="4" offset="124" path="0" offsetchain="" offsetend="126" />
                <BranchPoint vc="0" uspid="1019" ordinal="5" offset="124" path="1" offsetchain="" offsetend="31" />
                <BranchPoint vc="0" uspid="1020" ordinal="6" offset="139" path="0" offsetchain="" offsetend="141" />
                <BranchPoint vc="0" uspid="1021" ordinal="7" offset="139" path="1" offsetchain="" offsetend="157" />
              </BranchPoints>
              <MethodPoint xsi:type="SequencePoint" vc="0" uspid="1000" ordinal="0" offset="0" sl="33" sc="3" el="33" ec="4" bec="0" bev="0" fileid="27" />
            </Method>
          </Methods>
        </Class>
        <Class>
          <Summary numSequencePoints="13" visitedSequencePoints="10" numBranchPoints="4" visitedBranchPoints="3" sequenceCoverage="76.92" branchCoverage="75" maxCyclomaticComplexity="1" minCyclomaticComplexity="1" />
          <FullName>SharpModbus.ModbusTCPProtocol</FullName>
          <Methods>
            <Method visited="false" cyclomaticComplexity="1" sequenceCoverage="0" branchCoverage="0" isConstructor="false" isStatic="false" isGetter="true" isSetter="false">
              <Summary numSequencePoints="3" visitedSequencePoints="0" numBranchPoints="1" visitedBranchPoints="0" sequenceCoverage="0" branchCoverage="0" maxCyclomaticComplexity="1" minCyclomaticComplexity="1" />
              <MetadataToken>100663455</MetadataToken>
              <Name>System.Int32 SharpModbus.ModbusTCPProtocol::get_TransactionId()</Name>
              <FileRef uid="28" />
              <SequencePoints>
                <SequencePoint vc="0" uspid="1022" ordinal="0" offset="0" sl="9" sc="35" el="9" ec="36" bec="0" bev="0" fileid="28" />
                <SequencePoint vc="0" uspid="1023" ordinal="1" offset="1" sl="9" sc="37" el="9" ec="58" bec="0" bev="0" fileid="28" />
                <SequencePoint vc="0" uspid="1024" ordinal="2" offset="10" sl="9" sc="59" el="9" ec="60" bec="0" bev="0" fileid="28" />
              </SequencePoints>
              <BranchPoints />
              <MethodPoint xsi:type="SequencePoint" vc="0" uspid="1022" ordinal="0" offset="0" sl="9" sc="35" el="9" ec="36" bec="0" bev="0" fileid="28" />
            </Method>
            <Method visited="true" cyclomaticComplexity="1" sequenceCoverage="100" branchCoverage="100" isConstructor="false" isStatic="false" isGetter="false" isSetter="false">
              <Summary numSequencePoints="3" visitedSequencePoints="3" numBranchPoints="1" visitedBranchPoints="1" sequenceCoverage="100" branchCoverage="100" maxCyclomaticComplexity="1" minCyclomaticComplexity="1" />
              <MetadataToken>100663456</MetadataToken>
              <Name>SharpModbus.IModbusWrapper SharpModbus.ModbusTCPProtocol::Wrap(SharpModbus.IModbusCommand)</Name>
              <FileRef uid="28" />
              <SequencePoints>
                <SequencePoint vc="15" uspid="1025" ordinal="0" offset="0" sl="12" sc="3" el="12" ec="4" bec="0" bev="0" fileid="28" />
                <SequencePoint vc="15" uspid="1026" ordinal="1" offset="1" sl="13" sc="4" el="13" ec="58" bec="0" bev="0" fileid="28" />
                <SequencePoint vc="15" uspid="1027" ordinal="2" offset="27" sl="14" sc="3" el="14" ec="4" bec="0" bev="0" fileid="28" />
              </SequencePoints>
              <BranchPoints />
              <MethodPoint xsi:type="SequencePoint" vc="15" uspid="1025" ordinal="0" offset="0" sl="12" sc="3" el="12" ec="4" bec="0" bev="0" fileid="28" />
            </Method>
            <Method visited="true" cyclomaticComplexity="1" sequenceCoverage="100" branchCoverage="100" isConstructor="false" isStatic="false" isGetter="false" isSetter="false">
              <Summary numSequencePoints="6" visitedSequencePoints="6" numBranchPoints="1" visitedBranchPoints="1" sequenceCoverage="100" branchCoverage="100" maxCyclomaticComplexity="1" minCyclomaticComplexity="1" />
              <MetadataToken>100663457</MetadataToken>
              <Name>SharpModbus.IModbusWrapper SharpModbus.ModbusTCPProtocol::Parse(System.Byte[],System.Int32)</Name>
              <FileRef uid="28" />
              <SequencePoints>
                <SequencePoint vc="15" uspid="1028" ordinal="0" offset="0" sl="17" sc="3" el="17" ec="4" bec="0" bev="0" fileid="28" />
                <SequencePoint vc="15" uspid="1029" ordinal="1" offset="1" sl="18" sc="4" el="18" ec="58" bec="0" bev="0" fileid="28" />
                <SequencePoint vc="15" uspid="1030" ordinal="2" offset="11" sl="19" sc="4" el="19" ec="128" bec="0" bev="0" fileid="28" />
                <SequencePoint vc="15" uspid="1031" ordinal="3" offset="37" sl="20" sc="4" el="20" ec="62" bec="0" bev="0" fileid="28" />
                <SequencePoint vc="15" uspid="1032" ordinal="4" offset="45" sl="21" sc="4" el="21" ec="54" bec="0" bev="0" fileid="28" />
                <SequencePoint vc="15" uspid="1033" ordinal="5" offset="55" sl="22" sc="3" el="22" ec="4" bec="0" bev="0" fileid="28" />
              </SequencePoints>
              <BranchPoints />
              <MethodPoint xsi:type="SequencePoint" vc="15" uspid="1028" ordinal="0" offset="0" sl="17" sc="3" el="17" ec="4" bec="0" bev="0" fileid="28" />
            </Method>
            <Method visited="true" cyclomaticComplexity="1" sequenceCoverage="100" branchCoverage="100" isConstructor="true" isStatic="false" isGetter="false" isSetter="false">
              <Summary numSequencePoints="1" visitedSequencePoints="1" numBranchPoints="1" visitedBranchPoints="1" sequenceCoverage="100" branchCoverage="100" maxCyclomaticComplexity="1" minCyclomaticComplexity="1" />
              <MetadataToken>100663458</MetadataToken>
              <Name>System.Void SharpModbus.ModbusTCPProtocol::.ctor()</Name>
              <FileRef uid="28" />
              <SequencePoints>
                <SequencePoint vc="1" uspid="1034" ordinal="0" offset="0" sl="7" sc="3" el="7" ec="33" bec="0" bev="0" fileid="28" />
              </SequencePoints>
              <BranchPoints />
              <MethodPoint xsi:type="SequencePoint" vc="1" uspid="1034" ordinal="0" offset="0" sl="7" sc="3" el="7" ec="33" bec="0" bev="0" fileid="28" />
            </Method>
          </Methods>
        </Class>
      </Classes>
    </Module>
  </Modules>
</CoverageSession>